<?xml version="1.0" encoding="UTF-8"?>
<robot generator="Robot 7.2 (Python 3.12.5 on win32)" generated="2025-02-22T09:03:56.027427" rpa="false" schemaversion="5">
<suite id="s1" name="RobotFramework POC Test 1" source="D:\Users\rzp2kor\python_prj\RobotFramework_POC_Test_1.robot">
<test id="s1-t1" name="Test Open Canoe Configuration" line="65">
<kw name="Open Canoe Instance">
<kw name="Open Canoe" owner="Py_RobotFramwork_Input_File">
<arg>${config_path}</arg>
<doc>Open CANoe configuration.</doc>
<status status="PASS" start="2025-02-22T09:03:56.334837" elapsed="106.799083"/>
</kw>
<kw name="Log" owner="BuiltIn">
<msg time="2025-02-22T09:05:43.133920" level="INFO">Successfully opened CANoe configuration from D:/_rbs/ADAS_HIL_FD301_TOL1_1_0_RA6_V15.1.3/RBS_Ford_Dat3.cfg</msg>
<arg>Successfully opened CANoe configuration from ${config_path}</arg>
<doc>Logs the given message with the given level.</doc>
<status status="PASS" start="2025-02-22T09:05:43.133920" elapsed="0.000000"/>
</kw>
<arg>${CONFIG_PATH}</arg>
<status status="PASS" start="2025-02-22T09:03:56.334837" elapsed="106.799083"/>
</kw>
<kw name="Should Exist" owner="OperatingSystem">
<msg time="2025-02-22T09:05:43.134927" level="INFO" html="true">Path '&lt;a href="file://D:\_rbs\ADAS_HIL_FD301_TOL1_1_0_RA6_V15.1.3\RBS_Ford_Dat3.cfg"&gt;D:\_rbs\ADAS_HIL_FD301_TOL1_1_0_RA6_V15.1.3\RBS_Ford_Dat3.cfg&lt;/a&gt;' exists.</msg>
<arg>${CONFIG_PATH}</arg>
<doc>Fails unless the given path (file or directory) exists.</doc>
<status status="PASS" start="2025-02-22T09:05:43.133920" elapsed="0.001007"/>
</kw>
<kw name="Log" owner="BuiltIn">
<msg time="2025-02-22T09:05:43.135925" level="INFO">Test Passed: Opened CANoe configuration from D:/_rbs/ADAS_HIL_FD301_TOL1_1_0_RA6_V15.1.3/RBS_Ford_Dat3.cfg</msg>
<arg>Test Passed: Opened CANoe configuration from ${CONFIG_PATH}</arg>
<doc>Logs the given message with the given level.</doc>
<status status="PASS" start="2025-02-22T09:05:43.135925" elapsed="0.000000"/>
</kw>
<kw name="Start Measurement">
<kw name="Start Measurement Init" owner="Py_RobotFramwork_Input_File">
<doc>Start the measurement in CANoe.</doc>
<status status="PASS" start="2025-02-22T09:05:43.135925" elapsed="67.373960"/>
</kw>
<kw name="Log" owner="BuiltIn">
<msg time="2025-02-22T09:06:50.509885" level="INFO">Measurement started.</msg>
<arg>Measurement started.</arg>
<doc>Logs the given message with the given level.</doc>
<status status="PASS" start="2025-02-22T09:06:50.509885" elapsed="0.000000"/>
</kw>
<status status="PASS" start="2025-02-22T09:05:43.135925" elapsed="67.373960"/>
</kw>
<kw name="Sleep" owner="BuiltIn">
<msg time="2025-02-22T09:06:55.510100" level="INFO">Slept 5 seconds.</msg>
<arg>5</arg>
<doc>Pauses the test executed for the given time.</doc>
<status status="PASS" start="2025-02-22T09:06:50.509885" elapsed="5.000215"/>
</kw>
<kw name="Start Measurement">
<kw name="Start Measurement Init" owner="Py_RobotFramwork_Input_File">
<doc>Start the measurement in CANoe.</doc>
<status status="PASS" start="2025-02-22T09:06:55.510100" elapsed="44.845803"/>
</kw>
<kw name="Log" owner="BuiltIn">
<msg time="2025-02-22T09:07:40.355903" level="INFO">Measurement started.</msg>
<arg>Measurement started.</arg>
<doc>Logs the given message with the given level.</doc>
<status status="PASS" start="2025-02-22T09:07:40.355903" elapsed="0.000000"/>
</kw>
<status status="PASS" start="2025-02-22T09:06:55.510100" elapsed="44.845803"/>
</kw>
<doc>Verifies that the CANoe configuration is loaded correctly.</doc>
<status status="PASS" start="2025-02-22T09:03:56.334447" elapsed="224.022463"/>
</test>
<test id="s1-t2" name="Test Set And Get System Variables For ECU Power" line="74">
<kw name="Set System Variable">
<kw name="Set System Variable Val" owner="Py_RobotFramwork_Input_File">
<arg>${var_name}</arg>
<arg>${value}</arg>
<doc>Set a system variable value in CANoe.</doc>
<status status="PASS" start="2025-02-22T09:07:40.357909" elapsed="1.185413"/>
</kw>
<kw name="Log" owner="BuiltIn">
<msg time="2025-02-22T09:07:41.543322" level="INFO">Set system variable DS2824::IO_1_Switch to 1</msg>
<arg>Set system variable ${var_name} to ${value}</arg>
<doc>Logs the given message with the given level.</doc>
<status status="PASS" start="2025-02-22T09:07:41.543322" elapsed="0.000000"/>
</kw>
<arg>${POWER_VAR}</arg>
<arg>1</arg>
<status status="PASS" start="2025-02-22T09:07:40.357909" elapsed="1.185413"/>
</kw>
<kw name="Compare System Variable Value">
<kw name="Set Variable" owner="BuiltIn">
<msg time="2025-02-22T09:07:41.544410" level="INFO">${found} = False</msg>
<var>${found}</var>
<arg>False</arg>
<doc>Returns the given values which can then be assigned to a variables.</doc>
<status status="PASS" start="2025-02-22T09:07:41.544410" elapsed="0.000000"/>
</kw>
<for flavor="IN RANGE">
<iter>
<kw name="Sleep" owner="BuiltIn">
<msg time="2025-02-22T09:07:42.544814" level="INFO">Slept 1 second.</msg>
<arg>1</arg>
<doc>Pauses the test executed for the given time.</doc>
<status status="PASS" start="2025-02-22T09:07:41.544410" elapsed="1.000404"/>
</kw>
<kw name="Get System Variable Val" owner="Py_RobotFramwork_Input_File">
<msg time="2025-02-22T09:07:42.549934" level="INFO">${actual_value} = 0.0</msg>
<var>${actual_value}</var>
<arg>${var_name}</arg>
<doc>Get the value of a system variable in CANoe.</doc>
<status status="PASS" start="2025-02-22T09:07:42.544814" elapsed="0.005120"/>
</kw>
<if>
<branch type="IF" condition="'${tolerance}' != '${None}'">
<kw name="Evaluate" owner="BuiltIn">
<msg time="2025-02-22T09:07:42.549934" level="INFO">${diff} = 14.5</msg>
<var>${diff}</var>
<arg>abs(${expected_value} - ${actual_value})</arg>
<doc>Evaluates the given expression in Python and returns the result.</doc>
<status status="PASS" start="2025-02-22T09:07:42.549934" elapsed="0.000000"/>
</kw>
<if>
<branch type="IF" condition="'${diff}' &lt;= '${tolerance}'">
<kw name="Set Variable" owner="BuiltIn">
<msg time="2025-02-22T09:07:42.550933" level="INFO">${found} = True</msg>
<var>${found}</var>
<arg>True</arg>
<doc>Returns the given values which can then be assigned to a variables.</doc>
<status status="PASS" start="2025-02-22T09:07:42.550933" elapsed="0.000000"/>
</kw>
<break>
<status status="PASS" start="2025-02-22T09:07:42.550933" elapsed="0.000000"/>
</break>
<status status="PASS" start="2025-02-22T09:07:42.549934" elapsed="0.000999"/>
</branch>
<status status="PASS" start="2025-02-22T09:07:42.549934" elapsed="0.000999"/>
</if>
<status status="PASS" start="2025-02-22T09:07:42.549934" elapsed="0.000999"/>
</branch>
<branch type="ELSE IF" condition="'${tolerance}' == '${None}'">
<if>
<branch type="IF" condition="'${actual_value}' == '${expected_value}'">
<kw name="Set Variable" owner="BuiltIn">
<var>${found}</var>
<arg>True</arg>
<doc>Returns the given values which can then be assigned to a variables.</doc>
<status status="NOT RUN" start="2025-02-22T09:07:42.550933" elapsed="0.000000"/>
</kw>
<break>
<status status="NOT RUN" start="2025-02-22T09:07:42.550933" elapsed="0.000000"/>
</break>
<status status="NOT RUN" start="2025-02-22T09:07:42.550933" elapsed="0.000000"/>
</branch>
<status status="NOT RUN" start="2025-02-22T09:07:42.550933" elapsed="0.000000"/>
</if>
<status status="NOT RUN" start="2025-02-22T09:07:42.550933" elapsed="0.000000"/>
</branch>
<status status="PASS" start="2025-02-22T09:07:42.549934" elapsed="0.000999"/>
</if>
<var name="${i}">0</var>
<status status="PASS" start="2025-02-22T09:07:41.544410" elapsed="1.006523"/>
</iter>
<var>${i}</var>
<value>0</value>
<value>${TIMEOUT_For_Compare}</value>
<status status="PASS" start="2025-02-22T09:07:41.544410" elapsed="1.006523"/>
</for>
<kw name="Log" owner="BuiltIn">
<msg time="2025-02-22T09:07:42.550933" level="INFO">Value of found: True this is after Breaking the Loop.</msg>
<arg>Value of found: ${found} this is after Breaking the Loop.</arg>
<doc>Logs the given message with the given level.</doc>
<status status="PASS" start="2025-02-22T09:07:42.550933" elapsed="0.000000"/>
</kw>
<if>
<branch type="IF" condition="'${found}'== 'True'">
<kw name="Log" owner="BuiltIn">
<msg time="2025-02-22T09:07:42.551934" level="INFO">PASS: PS::voltage_display_meas_EA9040 reached expected value 14.50 within timeout, found Actual value 0.0</msg>
<arg>PASS: ${var_name} reached expected value ${expected_value} within timeout, found Actual value ${actual_value}</arg>
<doc>Logs the given message with the given level.</doc>
<status status="PASS" start="2025-02-22T09:07:42.551934" elapsed="0.000000"/>
</kw>
<status status="PASS" start="2025-02-22T09:07:42.550933" elapsed="0.001001"/>
</branch>
<branch type="ELSE">
<kw name="Log" owner="BuiltIn">
<arg>FAIL: Timeout reached for ${var_name}. Expected ${expected_value} but found Actual value ${actual_value}</arg>
<doc>Logs the given message with the given level.</doc>
<status status="NOT RUN" start="2025-02-22T09:07:42.551934" elapsed="0.000000"/>
</kw>
<kw name="Should Be True" owner="BuiltIn">
<arg>${found}</arg>
<arg>Ooops there is Failure !!! Check the Log Section for Values....</arg>
<doc>Fails if the given condition is not true.</doc>
<status status="NOT RUN" start="2025-02-22T09:07:42.551934" elapsed="0.000000"/>
</kw>
<status status="NOT RUN" start="2025-02-22T09:07:42.551934" elapsed="0.000000"/>
</branch>
<status status="PASS" start="2025-02-22T09:07:42.550933" elapsed="0.001001"/>
</if>
<arg>${POWER_VOL_MEAS}</arg>
<arg>${EXPECTED_VOLT}</arg>
<arg>${TOLERANCE}</arg>
<arg>${TIMEOUT}</arg>
<status status="PASS" start="2025-02-22T09:07:41.543322" elapsed="1.008612"/>
</kw>
<doc>Verifies setting and comparing ECU power voltage system variable.</doc>
<status status="PASS" start="2025-02-22T09:07:40.356910" elapsed="2.195024"/>
</test>
<test id="s1-t3" name="Test Set Hil Config and Radar States" line="80">
<kw name="Set System Variable">
<kw name="Set System Variable Val" owner="Py_RobotFramwork_Input_File">
<arg>${var_name}</arg>
<arg>${value}</arg>
<doc>Set a system variable value in CANoe.</doc>
<status status="PASS" start="2025-02-22T09:07:42.552933" elapsed="1.005128"/>
</kw>
<kw name="Log" owner="BuiltIn">
<msg time="2025-02-22T09:07:43.558061" level="INFO">Set system variable hil_ctrl::configuration_ford to 3</msg>
<arg>Set system variable ${var_name} to ${value}</arg>
<doc>Logs the given message with the given level.</doc>
<status status="PASS" start="2025-02-22T09:07:43.558061" elapsed="0.000000"/>
</kw>
<arg>${Hil_Config_Mode}</arg>
<arg>3</arg>
<status status="PASS" start="2025-02-22T09:07:42.552933" elapsed="1.005128"/>
</kw>
<kw name="Compare System Variable Value">
<kw name="Set Variable" owner="BuiltIn">
<msg time="2025-02-22T09:07:43.559067" level="INFO">${found} = False</msg>
<var>${found}</var>
<arg>False</arg>
<doc>Returns the given values which can then be assigned to a variables.</doc>
<status status="PASS" start="2025-02-22T09:07:43.559067" elapsed="0.000000"/>
</kw>
<for flavor="IN RANGE">
<iter>
<kw name="Sleep" owner="BuiltIn">
<msg time="2025-02-22T09:07:44.560291" level="INFO">Slept 1 second.</msg>
<arg>1</arg>
<doc>Pauses the test executed for the given time.</doc>
<status status="PASS" start="2025-02-22T09:07:43.560066" elapsed="1.000225"/>
</kw>
<kw name="Get System Variable Val" owner="Py_RobotFramwork_Input_File">
<msg time="2025-02-22T09:07:44.564805" level="INFO">${actual_value} = 3</msg>
<var>${actual_value}</var>
<arg>${var_name}</arg>
<doc>Get the value of a system variable in CANoe.</doc>
<status status="PASS" start="2025-02-22T09:07:44.560291" elapsed="0.004514"/>
</kw>
<if>
<branch type="IF" condition="'${tolerance}' != '${None}'">
<kw name="Evaluate" owner="BuiltIn">
<var>${diff}</var>
<arg>abs(${expected_value} - ${actual_value})</arg>
<doc>Evaluates the given expression in Python and returns the result.</doc>
<status status="NOT RUN" start="2025-02-22T09:07:44.564805" elapsed="0.000000"/>
</kw>
<if>
<branch type="IF" condition="'${diff}' &lt;= '${tolerance}'">
<kw name="Set Variable" owner="BuiltIn">
<var>${found}</var>
<arg>True</arg>
<doc>Returns the given values which can then be assigned to a variables.</doc>
<status status="NOT RUN" start="2025-02-22T09:07:44.564805" elapsed="0.000000"/>
</kw>
<break>
<status status="NOT RUN" start="2025-02-22T09:07:44.564805" elapsed="0.000000"/>
</break>
<status status="NOT RUN" start="2025-02-22T09:07:44.564805" elapsed="0.000000"/>
</branch>
<status status="NOT RUN" start="2025-02-22T09:07:44.564805" elapsed="0.000000"/>
</if>
<status status="NOT RUN" start="2025-02-22T09:07:44.564805" elapsed="0.000000"/>
</branch>
<branch type="ELSE IF" condition="'${tolerance}' == '${None}'">
<if>
<branch type="IF" condition="'${actual_value}' == '${expected_value}'">
<kw name="Set Variable" owner="BuiltIn">
<msg time="2025-02-22T09:07:44.565805" level="INFO">${found} = True</msg>
<var>${found}</var>
<arg>True</arg>
<doc>Returns the given values which can then be assigned to a variables.</doc>
<status status="PASS" start="2025-02-22T09:07:44.565805" elapsed="0.000000"/>
</kw>
<break>
<status status="PASS" start="2025-02-22T09:07:44.565805" elapsed="0.000000"/>
</break>
<status status="PASS" start="2025-02-22T09:07:44.565805" elapsed="0.000000"/>
</branch>
<status status="PASS" start="2025-02-22T09:07:44.565805" elapsed="0.000000"/>
</if>
<status status="PASS" start="2025-02-22T09:07:44.564805" elapsed="0.001000"/>
</branch>
<status status="PASS" start="2025-02-22T09:07:44.564805" elapsed="0.001000"/>
</if>
<var name="${i}">0</var>
<status status="PASS" start="2025-02-22T09:07:43.560066" elapsed="1.005739"/>
</iter>
<var>${i}</var>
<value>0</value>
<value>${TIMEOUT_For_Compare}</value>
<status status="PASS" start="2025-02-22T09:07:43.559067" elapsed="1.006738"/>
</for>
<kw name="Log" owner="BuiltIn">
<msg time="2025-02-22T09:07:44.565805" level="INFO">Value of found: True this is after Breaking the Loop.</msg>
<arg>Value of found: ${found} this is after Breaking the Loop.</arg>
<doc>Logs the given message with the given level.</doc>
<status status="PASS" start="2025-02-22T09:07:44.565805" elapsed="0.000000"/>
</kw>
<if>
<branch type="IF" condition="'${found}'== 'True'">
<kw name="Log" owner="BuiltIn">
<msg time="2025-02-22T09:07:44.566805" level="INFO">PASS: hil_ctrl::configuration_ford reached expected value 3 within timeout, found Actual value 3</msg>
<arg>PASS: ${var_name} reached expected value ${expected_value} within timeout, found Actual value ${actual_value}</arg>
<doc>Logs the given message with the given level.</doc>
<status status="PASS" start="2025-02-22T09:07:44.565805" elapsed="0.001000"/>
</kw>
<status status="PASS" start="2025-02-22T09:07:44.565805" elapsed="0.001000"/>
</branch>
<branch type="ELSE">
<kw name="Log" owner="BuiltIn">
<arg>FAIL: Timeout reached for ${var_name}. Expected ${expected_value} but found Actual value ${actual_value}</arg>
<doc>Logs the given message with the given level.</doc>
<status status="NOT RUN" start="2025-02-22T09:07:44.566805" elapsed="0.000000"/>
</kw>
<kw name="Should Be True" owner="BuiltIn">
<arg>${found}</arg>
<arg>Ooops there is Failure !!! Check the Log Section for Values....</arg>
<doc>Fails if the given condition is not true.</doc>
<status status="NOT RUN" start="2025-02-22T09:07:44.566805" elapsed="0.000000"/>
</kw>
<status status="NOT RUN" start="2025-02-22T09:07:44.566805" elapsed="0.000000"/>
</branch>
<status status="PASS" start="2025-02-22T09:07:44.565805" elapsed="0.001000"/>
</if>
<arg>${Hil_Config_Mode}</arg>
<arg>3</arg>
<arg>${None}</arg>
<arg>${TIMEOUT}</arg>
<status status="PASS" start="2025-02-22T09:07:43.559067" elapsed="1.007738"/>
</kw>
<kw name="Set System Variable">
<kw name="Set System Variable Val" owner="Py_RobotFramwork_Input_File">
<arg>${var_name}</arg>
<arg>${value}</arg>
<doc>Set a system variable value in CANoe.</doc>
<status status="PASS" start="2025-02-22T09:07:44.566805" elapsed="1.003732"/>
</kw>
<kw name="Log" owner="BuiltIn">
<msg time="2025-02-22T09:07:45.570537" level="INFO">Set system variable hil_ctrl::radar_fc_loc_sim to 0</msg>
<arg>Set system variable ${var_name} to ${value}</arg>
<doc>Logs the given message with the given level.</doc>
<status status="PASS" start="2025-02-22T09:07:45.570537" elapsed="0.000000"/>
</kw>
<arg>${Radar_Fc_loc_Sim}</arg>
<arg>0</arg>
<status status="PASS" start="2025-02-22T09:07:44.566805" elapsed="1.004238"/>
</kw>
<kw name="Set System Variable">
<kw name="Set System Variable Val" owner="Py_RobotFramwork_Input_File">
<arg>${var_name}</arg>
<arg>${value}</arg>
<doc>Set a system variable value in CANoe.</doc>
<status status="PASS" start="2025-02-22T09:07:45.571043" elapsed="1.004657"/>
</kw>
<kw name="Log" owner="BuiltIn">
<msg time="2025-02-22T09:07:46.575700" level="INFO">Set system variable hil_ctrl::radar_fl_loc_sim to 1</msg>
<arg>Set system variable ${var_name} to ${value}</arg>
<doc>Logs the given message with the given level.</doc>
<status status="PASS" start="2025-02-22T09:07:46.575700" elapsed="0.000000"/>
</kw>
<arg>${Radar_Fl_loc_Sim}</arg>
<arg>1</arg>
<status status="PASS" start="2025-02-22T09:07:45.571043" elapsed="1.004657"/>
</kw>
<kw name="Set System Variable">
<kw name="Set System Variable Val" owner="Py_RobotFramwork_Input_File">
<arg>${var_name}</arg>
<arg>${value}</arg>
<doc>Set a system variable value in CANoe.</doc>
<status status="PASS" start="2025-02-22T09:07:46.575700" elapsed="1.005484"/>
</kw>
<kw name="Log" owner="BuiltIn">
<msg time="2025-02-22T09:07:47.581184" level="INFO">Set system variable hil_ctrl::radar_fr_loc_sim to 1</msg>
<arg>Set system variable ${var_name} to ${value}</arg>
<doc>Logs the given message with the given level.</doc>
<status status="PASS" start="2025-02-22T09:07:47.581184" elapsed="0.000000"/>
</kw>
<arg>${Radar_Fr_loc_Sim}</arg>
<arg>1</arg>
<status status="PASS" start="2025-02-22T09:07:46.575700" elapsed="1.005484"/>
</kw>
<kw name="Set System Variable">
<kw name="Set System Variable Val" owner="Py_RobotFramwork_Input_File">
<arg>${var_name}</arg>
<arg>${value}</arg>
<doc>Set a system variable value in CANoe.</doc>
<status status="PASS" start="2025-02-22T09:07:47.582194" elapsed="1.004358"/>
</kw>
<kw name="Log" owner="BuiltIn">
<msg time="2025-02-22T09:07:48.586552" level="INFO">Set system variable hil_ctrl::radar_rl_loc_sim to 1</msg>
<arg>Set system variable ${var_name} to ${value}</arg>
<doc>Logs the given message with the given level.</doc>
<status status="PASS" start="2025-02-22T09:07:48.586552" elapsed="0.000000"/>
</kw>
<arg>${Radar_rl_loc_Sim}</arg>
<arg>1</arg>
<status status="PASS" start="2025-02-22T09:07:47.581184" elapsed="1.005368"/>
</kw>
<kw name="Set System Variable">
<kw name="Set System Variable Val" owner="Py_RobotFramwork_Input_File">
<arg>${var_name}</arg>
<arg>${value}</arg>
<doc>Set a system variable value in CANoe.</doc>
<status status="PASS" start="2025-02-22T09:07:48.586552" elapsed="1.007313"/>
</kw>
<kw name="Log" owner="BuiltIn">
<msg time="2025-02-22T09:07:49.593865" level="INFO">Set system variable hil_ctrl::radar_rr_loc_sim to 1</msg>
<arg>Set system variable ${var_name} to ${value}</arg>
<doc>Logs the given message with the given level.</doc>
<status status="PASS" start="2025-02-22T09:07:49.593865" elapsed="0.000000"/>
</kw>
<arg>${Radar_rr_loc_Sim}</arg>
<arg>1</arg>
<status status="PASS" start="2025-02-22T09:07:48.586552" elapsed="1.007313"/>
</kw>
<kw name="Compare System Variable Value">
<kw name="Set Variable" owner="BuiltIn">
<msg time="2025-02-22T09:07:49.594870" level="INFO">${found} = False</msg>
<var>${found}</var>
<arg>False</arg>
<doc>Returns the given values which can then be assigned to a variables.</doc>
<status status="PASS" start="2025-02-22T09:07:49.594870" elapsed="0.000000"/>
</kw>
<for flavor="IN RANGE">
<iter>
<kw name="Sleep" owner="BuiltIn">
<msg time="2025-02-22T09:07:50.595377" level="INFO">Slept 1 second.</msg>
<arg>1</arg>
<doc>Pauses the test executed for the given time.</doc>
<status status="PASS" start="2025-02-22T09:07:49.594870" elapsed="1.000507"/>
</kw>
<kw name="Get System Variable Val" owner="Py_RobotFramwork_Input_File">
<msg time="2025-02-22T09:07:50.601397" level="INFO">${actual_value} = 0</msg>
<var>${actual_value}</var>
<arg>${var_name}</arg>
<doc>Get the value of a system variable in CANoe.</doc>
<status status="PASS" start="2025-02-22T09:07:50.595377" elapsed="0.006020"/>
</kw>
<if>
<branch type="IF" condition="'${tolerance}' != '${None}'">
<kw name="Evaluate" owner="BuiltIn">
<var>${diff}</var>
<arg>abs(${expected_value} - ${actual_value})</arg>
<doc>Evaluates the given expression in Python and returns the result.</doc>
<status status="NOT RUN" start="2025-02-22T09:07:50.602382" elapsed="0.000000"/>
</kw>
<if>
<branch type="IF" condition="'${diff}' &lt;= '${tolerance}'">
<kw name="Set Variable" owner="BuiltIn">
<var>${found}</var>
<arg>True</arg>
<doc>Returns the given values which can then be assigned to a variables.</doc>
<status status="NOT RUN" start="2025-02-22T09:07:50.602382" elapsed="0.000000"/>
</kw>
<break>
<status status="NOT RUN" start="2025-02-22T09:07:50.602382" elapsed="0.000000"/>
</break>
<status status="NOT RUN" start="2025-02-22T09:07:50.602382" elapsed="0.000000"/>
</branch>
<status status="NOT RUN" start="2025-02-22T09:07:50.602382" elapsed="0.000000"/>
</if>
<status status="NOT RUN" start="2025-02-22T09:07:50.601397" elapsed="0.000985"/>
</branch>
<branch type="ELSE IF" condition="'${tolerance}' == '${None}'">
<if>
<branch type="IF" condition="'${actual_value}' == '${expected_value}'">
<kw name="Set Variable" owner="BuiltIn">
<msg time="2025-02-22T09:07:50.602382" level="INFO">${found} = True</msg>
<var>${found}</var>
<arg>True</arg>
<doc>Returns the given values which can then be assigned to a variables.</doc>
<status status="PASS" start="2025-02-22T09:07:50.602382" elapsed="0.000000"/>
</kw>
<break>
<status status="PASS" start="2025-02-22T09:07:50.602382" elapsed="0.000000"/>
</break>
<status status="PASS" start="2025-02-22T09:07:50.602382" elapsed="0.000000"/>
</branch>
<status status="PASS" start="2025-02-22T09:07:50.602382" elapsed="0.000000"/>
</if>
<status status="PASS" start="2025-02-22T09:07:50.602382" elapsed="0.000000"/>
</branch>
<status status="PASS" start="2025-02-22T09:07:50.601397" elapsed="0.000985"/>
</if>
<var name="${i}">0</var>
<status status="PASS" start="2025-02-22T09:07:49.594870" elapsed="1.007512"/>
</iter>
<var>${i}</var>
<value>0</value>
<value>${TIMEOUT_For_Compare}</value>
<status status="PASS" start="2025-02-22T09:07:49.594870" elapsed="1.007512"/>
</for>
<kw name="Log" owner="BuiltIn">
<msg time="2025-02-22T09:07:50.603382" level="INFO">Value of found: True this is after Breaking the Loop.</msg>
<arg>Value of found: ${found} this is after Breaking the Loop.</arg>
<doc>Logs the given message with the given level.</doc>
<status status="PASS" start="2025-02-22T09:07:50.603382" elapsed="0.000000"/>
</kw>
<if>
<branch type="IF" condition="'${found}'== 'True'">
<kw name="Log" owner="BuiltIn">
<msg time="2025-02-22T09:07:50.603382" level="INFO">PASS: hil_ctrl::radar_fc_loc_sim reached expected value 0 within timeout, found Actual value 0</msg>
<arg>PASS: ${var_name} reached expected value ${expected_value} within timeout, found Actual value ${actual_value}</arg>
<doc>Logs the given message with the given level.</doc>
<status status="PASS" start="2025-02-22T09:07:50.603382" elapsed="0.000000"/>
</kw>
<status status="PASS" start="2025-02-22T09:07:50.603382" elapsed="0.000000"/>
</branch>
<branch type="ELSE">
<kw name="Log" owner="BuiltIn">
<arg>FAIL: Timeout reached for ${var_name}. Expected ${expected_value} but found Actual value ${actual_value}</arg>
<doc>Logs the given message with the given level.</doc>
<status status="NOT RUN" start="2025-02-22T09:07:50.603382" elapsed="0.000000"/>
</kw>
<kw name="Should Be True" owner="BuiltIn">
<arg>${found}</arg>
<arg>Ooops there is Failure !!! Check the Log Section for Values....</arg>
<doc>Fails if the given condition is not true.</doc>
<status status="NOT RUN" start="2025-02-22T09:07:50.603382" elapsed="0.000000"/>
</kw>
<status status="NOT RUN" start="2025-02-22T09:07:50.603382" elapsed="0.000000"/>
</branch>
<status status="PASS" start="2025-02-22T09:07:50.603382" elapsed="0.000000"/>
</if>
<arg>${Radar_Fc_loc_Sim}</arg>
<arg>0</arg>
<arg>${None}</arg>
<arg>${TIMEOUT}</arg>
<status status="PASS" start="2025-02-22T09:07:49.593865" elapsed="1.009517"/>
</kw>
<kw name="Compare System Variable Value">
<kw name="Set Variable" owner="BuiltIn">
<msg time="2025-02-22T09:07:50.604382" level="INFO">${found} = False</msg>
<var>${found}</var>
<arg>False</arg>
<doc>Returns the given values which can then be assigned to a variables.</doc>
<status status="PASS" start="2025-02-22T09:07:50.604382" elapsed="0.000000"/>
</kw>
<for flavor="IN RANGE">
<iter>
<kw name="Sleep" owner="BuiltIn">
<msg time="2025-02-22T09:07:51.605592" level="INFO">Slept 1 second.</msg>
<arg>1</arg>
<doc>Pauses the test executed for the given time.</doc>
<status status="PASS" start="2025-02-22T09:07:50.605382" elapsed="1.000210"/>
</kw>
<kw name="Get System Variable Val" owner="Py_RobotFramwork_Input_File">
<msg time="2025-02-22T09:07:51.610618" level="INFO">${actual_value} = 1</msg>
<var>${actual_value}</var>
<arg>${var_name}</arg>
<doc>Get the value of a system variable in CANoe.</doc>
<status status="PASS" start="2025-02-22T09:07:51.605592" elapsed="0.005026"/>
</kw>
<if>
<branch type="IF" condition="'${tolerance}' != '${None}'">
<kw name="Evaluate" owner="BuiltIn">
<var>${diff}</var>
<arg>abs(${expected_value} - ${actual_value})</arg>
<doc>Evaluates the given expression in Python and returns the result.</doc>
<status status="NOT RUN" start="2025-02-22T09:07:51.611618" elapsed="0.000000"/>
</kw>
<if>
<branch type="IF" condition="'${diff}' &lt;= '${tolerance}'">
<kw name="Set Variable" owner="BuiltIn">
<var>${found}</var>
<arg>True</arg>
<doc>Returns the given values which can then be assigned to a variables.</doc>
<status status="NOT RUN" start="2025-02-22T09:07:51.611618" elapsed="0.000000"/>
</kw>
<break>
<status status="NOT RUN" start="2025-02-22T09:07:51.611618" elapsed="0.000000"/>
</break>
<status status="NOT RUN" start="2025-02-22T09:07:51.611618" elapsed="0.000000"/>
</branch>
<status status="NOT RUN" start="2025-02-22T09:07:51.611618" elapsed="0.000000"/>
</if>
<status status="NOT RUN" start="2025-02-22T09:07:51.610618" elapsed="0.001000"/>
</branch>
<branch type="ELSE IF" condition="'${tolerance}' == '${None}'">
<if>
<branch type="IF" condition="'${actual_value}' == '${expected_value}'">
<kw name="Set Variable" owner="BuiltIn">
<msg time="2025-02-22T09:07:51.611618" level="INFO">${found} = True</msg>
<var>${found}</var>
<arg>True</arg>
<doc>Returns the given values which can then be assigned to a variables.</doc>
<status status="PASS" start="2025-02-22T09:07:51.611618" elapsed="0.000000"/>
</kw>
<break>
<status status="PASS" start="2025-02-22T09:07:51.611618" elapsed="0.000000"/>
</break>
<status status="PASS" start="2025-02-22T09:07:51.611618" elapsed="0.000000"/>
</branch>
<status status="PASS" start="2025-02-22T09:07:51.611618" elapsed="0.000000"/>
</if>
<status status="PASS" start="2025-02-22T09:07:51.611618" elapsed="0.000000"/>
</branch>
<status status="PASS" start="2025-02-22T09:07:51.610618" elapsed="0.001000"/>
</if>
<var name="${i}">0</var>
<status status="PASS" start="2025-02-22T09:07:50.605382" elapsed="1.006236"/>
</iter>
<var>${i}</var>
<value>0</value>
<value>${TIMEOUT_For_Compare}</value>
<status status="PASS" start="2025-02-22T09:07:50.604382" elapsed="1.007236"/>
</for>
<kw name="Log" owner="BuiltIn">
<msg time="2025-02-22T09:07:51.612617" level="INFO">Value of found: True this is after Breaking the Loop.</msg>
<arg>Value of found: ${found} this is after Breaking the Loop.</arg>
<doc>Logs the given message with the given level.</doc>
<status status="PASS" start="2025-02-22T09:07:51.611618" elapsed="0.000999"/>
</kw>
<if>
<branch type="IF" condition="'${found}'== 'True'">
<kw name="Log" owner="BuiltIn">
<msg time="2025-02-22T09:07:51.612617" level="INFO">PASS: hil_ctrl::radar_fl_loc_sim reached expected value 1 within timeout, found Actual value 1</msg>
<arg>PASS: ${var_name} reached expected value ${expected_value} within timeout, found Actual value ${actual_value}</arg>
<doc>Logs the given message with the given level.</doc>
<status status="PASS" start="2025-02-22T09:07:51.612617" elapsed="0.000000"/>
</kw>
<status status="PASS" start="2025-02-22T09:07:51.612617" elapsed="0.000000"/>
</branch>
<branch type="ELSE">
<kw name="Log" owner="BuiltIn">
<arg>FAIL: Timeout reached for ${var_name}. Expected ${expected_value} but found Actual value ${actual_value}</arg>
<doc>Logs the given message with the given level.</doc>
<status status="NOT RUN" start="2025-02-22T09:07:51.612617" elapsed="0.000000"/>
</kw>
<kw name="Should Be True" owner="BuiltIn">
<arg>${found}</arg>
<arg>Ooops there is Failure !!! Check the Log Section for Values....</arg>
<doc>Fails if the given condition is not true.</doc>
<status status="NOT RUN" start="2025-02-22T09:07:51.612617" elapsed="0.000000"/>
</kw>
<status status="NOT RUN" start="2025-02-22T09:07:51.612617" elapsed="0.000000"/>
</branch>
<status status="PASS" start="2025-02-22T09:07:51.612617" elapsed="0.000000"/>
</if>
<arg>${Radar_Fl_loc_Sim}</arg>
<arg>1</arg>
<arg>${None}</arg>
<arg>${TIMEOUT}</arg>
<status status="PASS" start="2025-02-22T09:07:50.604382" elapsed="1.008235"/>
</kw>
<kw name="Compare System Variable Value">
<kw name="Set Variable" owner="BuiltIn">
<msg time="2025-02-22T09:07:51.613617" level="INFO">${found} = False</msg>
<var>${found}</var>
<arg>False</arg>
<doc>Returns the given values which can then be assigned to a variables.</doc>
<status status="PASS" start="2025-02-22T09:07:51.613617" elapsed="0.000000"/>
</kw>
<for flavor="IN RANGE">
<iter>
<kw name="Sleep" owner="BuiltIn">
<msg time="2025-02-22T09:07:52.613915" level="INFO">Slept 1 second.</msg>
<arg>1</arg>
<doc>Pauses the test executed for the given time.</doc>
<status status="PASS" start="2025-02-22T09:07:51.613617" elapsed="1.000298"/>
</kw>
<kw name="Get System Variable Val" owner="Py_RobotFramwork_Input_File">
<msg time="2025-02-22T09:07:52.621179" level="INFO">${actual_value} = 1</msg>
<var>${actual_value}</var>
<arg>${var_name}</arg>
<doc>Get the value of a system variable in CANoe.</doc>
<status status="PASS" start="2025-02-22T09:07:52.613915" elapsed="0.007264"/>
</kw>
<if>
<branch type="IF" condition="'${tolerance}' != '${None}'">
<kw name="Evaluate" owner="BuiltIn">
<var>${diff}</var>
<arg>abs(${expected_value} - ${actual_value})</arg>
<doc>Evaluates the given expression in Python and returns the result.</doc>
<status status="NOT RUN" start="2025-02-22T09:07:52.621179" elapsed="0.000000"/>
</kw>
<if>
<branch type="IF" condition="'${diff}' &lt;= '${tolerance}'">
<kw name="Set Variable" owner="BuiltIn">
<var>${found}</var>
<arg>True</arg>
<doc>Returns the given values which can then be assigned to a variables.</doc>
<status status="NOT RUN" start="2025-02-22T09:07:52.621179" elapsed="0.000000"/>
</kw>
<break>
<status status="NOT RUN" start="2025-02-22T09:07:52.621179" elapsed="0.000000"/>
</break>
<status status="NOT RUN" start="2025-02-22T09:07:52.621179" elapsed="0.000000"/>
</branch>
<status status="NOT RUN" start="2025-02-22T09:07:52.621179" elapsed="0.000000"/>
</if>
<status status="NOT RUN" start="2025-02-22T09:07:52.621179" elapsed="0.000000"/>
</branch>
<branch type="ELSE IF" condition="'${tolerance}' == '${None}'">
<if>
<branch type="IF" condition="'${actual_value}' == '${expected_value}'">
<kw name="Set Variable" owner="BuiltIn">
<msg time="2025-02-22T09:07:52.622180" level="INFO">${found} = True</msg>
<var>${found}</var>
<arg>True</arg>
<doc>Returns the given values which can then be assigned to a variables.</doc>
<status status="PASS" start="2025-02-22T09:07:52.622180" elapsed="0.000000"/>
</kw>
<break>
<status status="PASS" start="2025-02-22T09:07:52.622180" elapsed="0.000000"/>
</break>
<status status="PASS" start="2025-02-22T09:07:52.622180" elapsed="0.000000"/>
</branch>
<status status="PASS" start="2025-02-22T09:07:52.622180" elapsed="0.000000"/>
</if>
<status status="PASS" start="2025-02-22T09:07:52.621179" elapsed="0.001001"/>
</branch>
<status status="PASS" start="2025-02-22T09:07:52.621179" elapsed="0.001001"/>
</if>
<var name="${i}">0</var>
<status status="PASS" start="2025-02-22T09:07:51.613617" elapsed="1.008563"/>
</iter>
<var>${i}</var>
<value>0</value>
<value>${TIMEOUT_For_Compare}</value>
<status status="PASS" start="2025-02-22T09:07:51.613617" elapsed="1.008563"/>
</for>
<kw name="Log" owner="BuiltIn">
<msg time="2025-02-22T09:07:52.622180" level="INFO">Value of found: True this is after Breaking the Loop.</msg>
<arg>Value of found: ${found} this is after Breaking the Loop.</arg>
<doc>Logs the given message with the given level.</doc>
<status status="PASS" start="2025-02-22T09:07:52.622180" elapsed="0.000000"/>
</kw>
<if>
<branch type="IF" condition="'${found}'== 'True'">
<kw name="Log" owner="BuiltIn">
<msg time="2025-02-22T09:07:52.623180" level="INFO">PASS: hil_ctrl::radar_fr_loc_sim reached expected value 1 within timeout, found Actual value 1</msg>
<arg>PASS: ${var_name} reached expected value ${expected_value} within timeout, found Actual value ${actual_value}</arg>
<doc>Logs the given message with the given level.</doc>
<status status="PASS" start="2025-02-22T09:07:52.623180" elapsed="0.000000"/>
</kw>
<status status="PASS" start="2025-02-22T09:07:52.622180" elapsed="0.001000"/>
</branch>
<branch type="ELSE">
<kw name="Log" owner="BuiltIn">
<arg>FAIL: Timeout reached for ${var_name}. Expected ${expected_value} but found Actual value ${actual_value}</arg>
<doc>Logs the given message with the given level.</doc>
<status status="NOT RUN" start="2025-02-22T09:07:52.623180" elapsed="0.000000"/>
</kw>
<kw name="Should Be True" owner="BuiltIn">
<arg>${found}</arg>
<arg>Ooops there is Failure !!! Check the Log Section for Values....</arg>
<doc>Fails if the given condition is not true.</doc>
<status status="NOT RUN" start="2025-02-22T09:07:52.623180" elapsed="0.000000"/>
</kw>
<status status="NOT RUN" start="2025-02-22T09:07:52.623180" elapsed="0.000000"/>
</branch>
<status status="PASS" start="2025-02-22T09:07:52.622180" elapsed="0.001000"/>
</if>
<arg>${Radar_Fr_loc_Sim}</arg>
<arg>1</arg>
<arg>${None}</arg>
<arg>${TIMEOUT}</arg>
<status status="PASS" start="2025-02-22T09:07:51.613617" elapsed="1.009563"/>
</kw>
<kw name="Compare System Variable Value">
<kw name="Set Variable" owner="BuiltIn">
<msg time="2025-02-22T09:07:52.624184" level="INFO">${found} = False</msg>
<var>${found}</var>
<arg>False</arg>
<doc>Returns the given values which can then be assigned to a variables.</doc>
<status status="PASS" start="2025-02-22T09:07:52.624184" elapsed="0.000000"/>
</kw>
<for flavor="IN RANGE">
<iter>
<kw name="Sleep" owner="BuiltIn">
<msg time="2025-02-22T09:07:53.624547" level="INFO">Slept 1 second.</msg>
<arg>1</arg>
<doc>Pauses the test executed for the given time.</doc>
<status status="PASS" start="2025-02-22T09:07:52.624184" elapsed="1.000363"/>
</kw>
<kw name="Get System Variable Val" owner="Py_RobotFramwork_Input_File">
<msg time="2025-02-22T09:07:53.630587" level="INFO">${actual_value} = 1</msg>
<var>${actual_value}</var>
<arg>${var_name}</arg>
<doc>Get the value of a system variable in CANoe.</doc>
<status status="PASS" start="2025-02-22T09:07:53.624547" elapsed="0.006040"/>
</kw>
<if>
<branch type="IF" condition="'${tolerance}' != '${None}'">
<kw name="Evaluate" owner="BuiltIn">
<var>${diff}</var>
<arg>abs(${expected_value} - ${actual_value})</arg>
<doc>Evaluates the given expression in Python and returns the result.</doc>
<status status="NOT RUN" start="2025-02-22T09:07:53.630587" elapsed="0.000000"/>
</kw>
<if>
<branch type="IF" condition="'${diff}' &lt;= '${tolerance}'">
<kw name="Set Variable" owner="BuiltIn">
<var>${found}</var>
<arg>True</arg>
<doc>Returns the given values which can then be assigned to a variables.</doc>
<status status="NOT RUN" start="2025-02-22T09:07:53.630587" elapsed="0.000000"/>
</kw>
<break>
<status status="NOT RUN" start="2025-02-22T09:07:53.630587" elapsed="0.000000"/>
</break>
<status status="NOT RUN" start="2025-02-22T09:07:53.630587" elapsed="0.000000"/>
</branch>
<status status="NOT RUN" start="2025-02-22T09:07:53.630587" elapsed="0.000000"/>
</if>
<status status="NOT RUN" start="2025-02-22T09:07:53.630587" elapsed="0.000000"/>
</branch>
<branch type="ELSE IF" condition="'${tolerance}' == '${None}'">
<if>
<branch type="IF" condition="'${actual_value}' == '${expected_value}'">
<kw name="Set Variable" owner="BuiltIn">
<msg time="2025-02-22T09:07:53.631584" level="INFO">${found} = True</msg>
<var>${found}</var>
<arg>True</arg>
<doc>Returns the given values which can then be assigned to a variables.</doc>
<status status="PASS" start="2025-02-22T09:07:53.631584" elapsed="0.000000"/>
</kw>
<break>
<status status="PASS" start="2025-02-22T09:07:53.631584" elapsed="0.000000"/>
</break>
<status status="PASS" start="2025-02-22T09:07:53.630587" elapsed="0.000997"/>
</branch>
<status status="PASS" start="2025-02-22T09:07:53.630587" elapsed="0.000997"/>
</if>
<status status="PASS" start="2025-02-22T09:07:53.630587" elapsed="0.000997"/>
</branch>
<status status="PASS" start="2025-02-22T09:07:53.630587" elapsed="0.000997"/>
</if>
<var name="${i}">0</var>
<status status="PASS" start="2025-02-22T09:07:52.624184" elapsed="1.007400"/>
</iter>
<var>${i}</var>
<value>0</value>
<value>${TIMEOUT_For_Compare}</value>
<status status="PASS" start="2025-02-22T09:07:52.624184" elapsed="1.007400"/>
</for>
<kw name="Log" owner="BuiltIn">
<msg time="2025-02-22T09:07:53.631584" level="INFO">Value of found: True this is after Breaking the Loop.</msg>
<arg>Value of found: ${found} this is after Breaking the Loop.</arg>
<doc>Logs the given message with the given level.</doc>
<status status="PASS" start="2025-02-22T09:07:53.631584" elapsed="0.000000"/>
</kw>
<if>
<branch type="IF" condition="'${found}'== 'True'">
<kw name="Log" owner="BuiltIn">
<msg time="2025-02-22T09:07:53.632585" level="INFO">PASS: hil_ctrl::radar_rl_loc_sim reached expected value 1 within timeout, found Actual value 1</msg>
<arg>PASS: ${var_name} reached expected value ${expected_value} within timeout, found Actual value ${actual_value}</arg>
<doc>Logs the given message with the given level.</doc>
<status status="PASS" start="2025-02-22T09:07:53.631584" elapsed="0.001001"/>
</kw>
<status status="PASS" start="2025-02-22T09:07:53.631584" elapsed="0.001001"/>
</branch>
<branch type="ELSE">
<kw name="Log" owner="BuiltIn">
<arg>FAIL: Timeout reached for ${var_name}. Expected ${expected_value} but found Actual value ${actual_value}</arg>
<doc>Logs the given message with the given level.</doc>
<status status="NOT RUN" start="2025-02-22T09:07:53.632585" elapsed="0.000000"/>
</kw>
<kw name="Should Be True" owner="BuiltIn">
<arg>${found}</arg>
<arg>Ooops there is Failure !!! Check the Log Section for Values....</arg>
<doc>Fails if the given condition is not true.</doc>
<status status="NOT RUN" start="2025-02-22T09:07:53.632585" elapsed="0.000000"/>
</kw>
<status status="NOT RUN" start="2025-02-22T09:07:53.632585" elapsed="0.000000"/>
</branch>
<status status="PASS" start="2025-02-22T09:07:53.631584" elapsed="0.001001"/>
</if>
<arg>${Radar_rl_loc_Sim}</arg>
<arg>1</arg>
<arg>${None}</arg>
<arg>${TIMEOUT}</arg>
<status status="PASS" start="2025-02-22T09:07:52.623180" elapsed="1.009405"/>
</kw>
<kw name="Compare System Variable Value">
<kw name="Set Variable" owner="BuiltIn">
<msg time="2025-02-22T09:07:53.633584" level="INFO">${found} = False</msg>
<var>${found}</var>
<arg>False</arg>
<doc>Returns the given values which can then be assigned to a variables.</doc>
<status status="PASS" start="2025-02-22T09:07:53.632585" elapsed="0.000999"/>
</kw>
<for flavor="IN RANGE">
<iter>
<kw name="Sleep" owner="BuiltIn">
<msg time="2025-02-22T09:07:54.633965" level="INFO">Slept 1 second.</msg>
<arg>1</arg>
<doc>Pauses the test executed for the given time.</doc>
<status status="PASS" start="2025-02-22T09:07:53.633584" elapsed="1.000381"/>
</kw>
<kw name="Get System Variable Val" owner="Py_RobotFramwork_Input_File">
<msg time="2025-02-22T09:07:54.645009" level="INFO">${actual_value} = 1</msg>
<var>${actual_value}</var>
<arg>${var_name}</arg>
<doc>Get the value of a system variable in CANoe.</doc>
<status status="PASS" start="2025-02-22T09:07:54.633965" elapsed="0.011044"/>
</kw>
<if>
<branch type="IF" condition="'${tolerance}' != '${None}'">
<kw name="Evaluate" owner="BuiltIn">
<var>${diff}</var>
<arg>abs(${expected_value} - ${actual_value})</arg>
<doc>Evaluates the given expression in Python and returns the result.</doc>
<status status="NOT RUN" start="2025-02-22T09:07:54.645009" elapsed="0.000000"/>
</kw>
<if>
<branch type="IF" condition="'${diff}' &lt;= '${tolerance}'">
<kw name="Set Variable" owner="BuiltIn">
<var>${found}</var>
<arg>True</arg>
<doc>Returns the given values which can then be assigned to a variables.</doc>
<status status="NOT RUN" start="2025-02-22T09:07:54.645009" elapsed="0.000000"/>
</kw>
<break>
<status status="NOT RUN" start="2025-02-22T09:07:54.645009" elapsed="0.000000"/>
</break>
<status status="NOT RUN" start="2025-02-22T09:07:54.645009" elapsed="0.000999"/>
</branch>
<status status="NOT RUN" start="2025-02-22T09:07:54.645009" elapsed="0.000999"/>
</if>
<status status="NOT RUN" start="2025-02-22T09:07:54.645009" elapsed="0.000999"/>
</branch>
<branch type="ELSE IF" condition="'${tolerance}' == '${None}'">
<if>
<branch type="IF" condition="'${actual_value}' == '${expected_value}'">
<kw name="Set Variable" owner="BuiltIn">
<msg time="2025-02-22T09:07:54.646008" level="INFO">${found} = True</msg>
<var>${found}</var>
<arg>True</arg>
<doc>Returns the given values which can then be assigned to a variables.</doc>
<status status="PASS" start="2025-02-22T09:07:54.646008" elapsed="0.000000"/>
</kw>
<break>
<status status="PASS" start="2025-02-22T09:07:54.646008" elapsed="0.000000"/>
</break>
<status status="PASS" start="2025-02-22T09:07:54.646008" elapsed="0.000000"/>
</branch>
<status status="PASS" start="2025-02-22T09:07:54.646008" elapsed="0.000000"/>
</if>
<status status="PASS" start="2025-02-22T09:07:54.646008" elapsed="0.000000"/>
</branch>
<status status="PASS" start="2025-02-22T09:07:54.645009" elapsed="0.000999"/>
</if>
<var name="${i}">0</var>
<status status="PASS" start="2025-02-22T09:07:53.633584" elapsed="1.012424"/>
</iter>
<var>${i}</var>
<value>0</value>
<value>${TIMEOUT_For_Compare}</value>
<status status="PASS" start="2025-02-22T09:07:53.633584" elapsed="1.012424"/>
</for>
<kw name="Log" owner="BuiltIn">
<msg time="2025-02-22T09:07:54.646008" level="INFO">Value of found: True this is after Breaking the Loop.</msg>
<arg>Value of found: ${found} this is after Breaking the Loop.</arg>
<doc>Logs the given message with the given level.</doc>
<status status="PASS" start="2025-02-22T09:07:54.646008" elapsed="0.000000"/>
</kw>
<if>
<branch type="IF" condition="'${found}'== 'True'">
<kw name="Log" owner="BuiltIn">
<msg time="2025-02-22T09:07:54.647008" level="INFO">PASS: hil_ctrl::radar_rr_loc_sim reached expected value 1 within timeout, found Actual value 1</msg>
<arg>PASS: ${var_name} reached expected value ${expected_value} within timeout, found Actual value ${actual_value}</arg>
<doc>Logs the given message with the given level.</doc>
<status status="PASS" start="2025-02-22T09:07:54.647008" elapsed="0.000000"/>
</kw>
<status status="PASS" start="2025-02-22T09:07:54.646008" elapsed="0.001000"/>
</branch>
<branch type="ELSE">
<kw name="Log" owner="BuiltIn">
<arg>FAIL: Timeout reached for ${var_name}. Expected ${expected_value} but found Actual value ${actual_value}</arg>
<doc>Logs the given message with the given level.</doc>
<status status="NOT RUN" start="2025-02-22T09:07:54.647008" elapsed="0.000000"/>
</kw>
<kw name="Should Be True" owner="BuiltIn">
<arg>${found}</arg>
<arg>Ooops there is Failure !!! Check the Log Section for Values....</arg>
<doc>Fails if the given condition is not true.</doc>
<status status="NOT RUN" start="2025-02-22T09:07:54.647008" elapsed="0.000000"/>
</kw>
<status status="NOT RUN" start="2025-02-22T09:07:54.647008" elapsed="0.000000"/>
</branch>
<status status="PASS" start="2025-02-22T09:07:54.646008" elapsed="0.001000"/>
</if>
<arg>${Radar_rr_loc_Sim}</arg>
<arg>1</arg>
<arg>${None}</arg>
<arg>${TIMEOUT}</arg>
<status status="PASS" start="2025-02-22T09:07:53.632585" elapsed="1.014423"/>
</kw>
<doc>Verifies setting of Hil_Config to DRV_STD And Radar to Simulated state.</doc>
<status status="PASS" start="2025-02-22T09:07:42.552933" elapsed="12.094075"/>
</test>
<test id="s1-t4" name="Test Set And Get System Variables For HIL Mode" line="101">
<kw name="Set System Variable">
<kw name="Set System Variable Val" owner="Py_RobotFramwork_Input_File">
<arg>${var_name}</arg>
<arg>${value}</arg>
<doc>Set a system variable value in CANoe.</doc>
<status status="PASS" start="2025-02-22T09:07:54.648008" elapsed="1.003960"/>
</kw>
<kw name="Log" owner="BuiltIn">
<msg time="2025-02-22T09:07:55.651968" level="INFO">Set system variable hil_ctrl::hil_mode to 4</msg>
<arg>Set system variable ${var_name} to ${value}</arg>
<doc>Logs the given message with the given level.</doc>
<status status="PASS" start="2025-02-22T09:07:55.651968" elapsed="0.000000"/>
</kw>
<arg>${HIL_MODE_VAR}</arg>
<arg>${HIL_MODE}</arg>
<status status="PASS" start="2025-02-22T09:07:54.648008" elapsed="1.003960"/>
</kw>
<kw name="Compare System Variable Value">
<kw name="Set Variable" owner="BuiltIn">
<msg time="2025-02-22T09:07:55.653048" level="INFO">${found} = False</msg>
<var>${found}</var>
<arg>False</arg>
<doc>Returns the given values which can then be assigned to a variables.</doc>
<status status="PASS" start="2025-02-22T09:07:55.653048" elapsed="0.000000"/>
</kw>
<for flavor="IN RANGE">
<iter>
<kw name="Sleep" owner="BuiltIn">
<msg time="2025-02-22T09:07:56.653073" level="INFO">Slept 1 second.</msg>
<arg>1</arg>
<doc>Pauses the test executed for the given time.</doc>
<status status="PASS" start="2025-02-22T09:07:55.653048" elapsed="1.000025"/>
</kw>
<kw name="Get System Variable Val" owner="Py_RobotFramwork_Input_File">
<msg time="2025-02-22T09:07:56.660586" level="INFO">${actual_value} = 4</msg>
<var>${actual_value}</var>
<arg>${var_name}</arg>
<doc>Get the value of a system variable in CANoe.</doc>
<status status="PASS" start="2025-02-22T09:07:56.653073" elapsed="0.007513"/>
</kw>
<if>
<branch type="IF" condition="'${tolerance}' != '${None}'">
<kw name="Evaluate" owner="BuiltIn">
<msg time="2025-02-22T09:07:56.660586" level="INFO">${diff} = 0</msg>
<var>${diff}</var>
<arg>abs(${expected_value} - ${actual_value})</arg>
<doc>Evaluates the given expression in Python and returns the result.</doc>
<status status="PASS" start="2025-02-22T09:07:56.660586" elapsed="0.000000"/>
</kw>
<if>
<branch type="IF" condition="'${diff}' &lt;= '${tolerance}'">
<kw name="Set Variable" owner="BuiltIn">
<msg time="2025-02-22T09:07:56.660586" level="INFO">${found} = True</msg>
<var>${found}</var>
<arg>True</arg>
<doc>Returns the given values which can then be assigned to a variables.</doc>
<status status="PASS" start="2025-02-22T09:07:56.660586" elapsed="0.000000"/>
</kw>
<break>
<status status="PASS" start="2025-02-22T09:07:56.660586" elapsed="0.000000"/>
</break>
<status status="PASS" start="2025-02-22T09:07:56.660586" elapsed="0.000000"/>
</branch>
<status status="PASS" start="2025-02-22T09:07:56.660586" elapsed="0.000000"/>
</if>
<status status="PASS" start="2025-02-22T09:07:56.660586" elapsed="0.000000"/>
</branch>
<branch type="ELSE IF" condition="'${tolerance}' == '${None}'">
<if>
<branch type="IF" condition="'${actual_value}' == '${expected_value}'">
<kw name="Set Variable" owner="BuiltIn">
<var>${found}</var>
<arg>True</arg>
<doc>Returns the given values which can then be assigned to a variables.</doc>
<status status="NOT RUN" start="2025-02-22T09:07:56.661585" elapsed="0.000000"/>
</kw>
<break>
<status status="NOT RUN" start="2025-02-22T09:07:56.661585" elapsed="0.000000"/>
</break>
<status status="NOT RUN" start="2025-02-22T09:07:56.661585" elapsed="0.000000"/>
</branch>
<status status="NOT RUN" start="2025-02-22T09:07:56.661585" elapsed="0.000000"/>
</if>
<status status="NOT RUN" start="2025-02-22T09:07:56.661585" elapsed="0.000000"/>
</branch>
<status status="PASS" start="2025-02-22T09:07:56.660586" elapsed="0.000999"/>
</if>
<var name="${i}">0</var>
<status status="PASS" start="2025-02-22T09:07:55.653048" elapsed="1.008537"/>
</iter>
<var>${i}</var>
<value>0</value>
<value>${TIMEOUT_For_Compare}</value>
<status status="PASS" start="2025-02-22T09:07:55.653048" elapsed="1.008537"/>
</for>
<kw name="Log" owner="BuiltIn">
<msg time="2025-02-22T09:07:56.661585" level="INFO">Value of found: True this is after Breaking the Loop.</msg>
<arg>Value of found: ${found} this is after Breaking the Loop.</arg>
<doc>Logs the given message with the given level.</doc>
<status status="PASS" start="2025-02-22T09:07:56.661585" elapsed="0.000000"/>
</kw>
<if>
<branch type="IF" condition="'${found}'== 'True'">
<kw name="Log" owner="BuiltIn">
<msg time="2025-02-22T09:07:56.662584" level="INFO">PASS: hil_ctrl::hil_mode reached expected value 4 within timeout, found Actual value 4</msg>
<arg>PASS: ${var_name} reached expected value ${expected_value} within timeout, found Actual value ${actual_value}</arg>
<doc>Logs the given message with the given level.</doc>
<status status="PASS" start="2025-02-22T09:07:56.661585" elapsed="0.000999"/>
</kw>
<status status="PASS" start="2025-02-22T09:07:56.661585" elapsed="0.000999"/>
</branch>
<branch type="ELSE">
<kw name="Log" owner="BuiltIn">
<arg>FAIL: Timeout reached for ${var_name}. Expected ${expected_value} but found Actual value ${actual_value}</arg>
<doc>Logs the given message with the given level.</doc>
<status status="NOT RUN" start="2025-02-22T09:07:56.662584" elapsed="0.000000"/>
</kw>
<kw name="Should Be True" owner="BuiltIn">
<arg>${found}</arg>
<arg>Ooops there is Failure !!! Check the Log Section for Values....</arg>
<doc>Fails if the given condition is not true.</doc>
<status status="NOT RUN" start="2025-02-22T09:07:56.662584" elapsed="0.000000"/>
</kw>
<status status="NOT RUN" start="2025-02-22T09:07:56.662584" elapsed="0.000000"/>
</branch>
<status status="PASS" start="2025-02-22T09:07:56.661585" elapsed="0.000999"/>
</if>
<arg>${HIL_MODE_VAR}</arg>
<arg>${HIL_MODE}</arg>
<arg>${TOLERANCE}</arg>
<arg>${TIMEOUT}</arg>
<status status="PASS" start="2025-02-22T09:07:55.651968" elapsed="1.010616"/>
</kw>
<kw name="Sleep" owner="BuiltIn">
<msg time="2025-02-22T09:08:16.662751" level="INFO">Slept 20 seconds.</msg>
<arg>20</arg>
<doc>Pauses the test executed for the given time.</doc>
<status status="PASS" start="2025-02-22T09:07:56.662584" elapsed="20.000167"/>
</kw>
<doc>Verifies setting and comparing HIL Mode system variable.</doc>
<status status="PASS" start="2025-02-22T09:07:54.648008" elapsed="22.014743"/>
</test>
<test id="s1-t5" name="Test XCP Connect And Loading Carmaker Test Scenario" line="107">
<kw name="XCP Connect">
<kw name="Call Xcp Connection" owner="Py_RobotFramwork_Input_File">
<arg>${capl_test_module}</arg>
<doc>This Function is for Calling CAPL Test Module and Execute them</doc>
<status status="PASS" start="2025-02-22T09:08:16.663754" elapsed="11.901806"/>
</kw>
<kw name="Log" owner="BuiltIn">
<msg time="2025-02-22T09:08:28.565560" level="INFO">XCP Connection Called Sucessfully</msg>
<arg>XCP Connection Called Sucessfully</arg>
<doc>Logs the given message with the given level.</doc>
<status status="PASS" start="2025-02-22T09:08:28.565560" elapsed="0.000000"/>
</kw>
<arg>${Test_Connect_Xcp}</arg>
<status status="PASS" start="2025-02-22T09:08:16.663754" elapsed="11.901806"/>
</kw>
<kw name="Compare System Variable Value">
<kw name="Set Variable" owner="BuiltIn">
<msg time="2025-02-22T09:08:28.566565" level="INFO">${found} = False</msg>
<var>${found}</var>
<arg>False</arg>
<doc>Returns the given values which can then be assigned to a variables.</doc>
<status status="PASS" start="2025-02-22T09:08:28.566565" elapsed="0.000000"/>
</kw>
<for flavor="IN RANGE">
<iter>
<kw name="Sleep" owner="BuiltIn">
<msg time="2025-02-22T09:08:29.566642" level="INFO">Slept 1 second.</msg>
<arg>1</arg>
<doc>Pauses the test executed for the given time.</doc>
<status status="PASS" start="2025-02-22T09:08:28.566565" elapsed="1.000077"/>
</kw>
<kw name="Get System Variable Val" owner="Py_RobotFramwork_Input_File">
<msg time="2025-02-22T09:08:29.571476" level="INFO">${actual_value} = 1</msg>
<var>${actual_value}</var>
<arg>${var_name}</arg>
<doc>Get the value of a system variable in CANoe.</doc>
<status status="PASS" start="2025-02-22T09:08:29.566642" elapsed="0.004834"/>
</kw>
<if>
<branch type="IF" condition="'${tolerance}' != '${None}'">
<kw name="Evaluate" owner="BuiltIn">
<var>${diff}</var>
<arg>abs(${expected_value} - ${actual_value})</arg>
<doc>Evaluates the given expression in Python and returns the result.</doc>
<status status="NOT RUN" start="2025-02-22T09:08:29.571476" elapsed="0.000000"/>
</kw>
<if>
<branch type="IF" condition="'${diff}' &lt;= '${tolerance}'">
<kw name="Set Variable" owner="BuiltIn">
<var>${found}</var>
<arg>True</arg>
<doc>Returns the given values which can then be assigned to a variables.</doc>
<status status="NOT RUN" start="2025-02-22T09:08:29.571476" elapsed="0.000000"/>
</kw>
<break>
<status status="NOT RUN" start="2025-02-22T09:08:29.571476" elapsed="0.000000"/>
</break>
<status status="NOT RUN" start="2025-02-22T09:08:29.571476" elapsed="0.000000"/>
</branch>
<status status="NOT RUN" start="2025-02-22T09:08:29.571476" elapsed="0.000000"/>
</if>
<status status="NOT RUN" start="2025-02-22T09:08:29.571476" elapsed="0.000000"/>
</branch>
<branch type="ELSE IF" condition="'${tolerance}' == '${None}'">
<if>
<branch type="IF" condition="'${actual_value}' == '${expected_value}'">
<kw name="Set Variable" owner="BuiltIn">
<msg time="2025-02-22T09:08:29.572476" level="INFO">${found} = True</msg>
<var>${found}</var>
<arg>True</arg>
<doc>Returns the given values which can then be assigned to a variables.</doc>
<status status="PASS" start="2025-02-22T09:08:29.571476" elapsed="0.001000"/>
</kw>
<break>
<status status="PASS" start="2025-02-22T09:08:29.572476" elapsed="0.000000"/>
</break>
<status status="PASS" start="2025-02-22T09:08:29.571476" elapsed="0.001000"/>
</branch>
<status status="PASS" start="2025-02-22T09:08:29.571476" elapsed="0.001000"/>
</if>
<status status="PASS" start="2025-02-22T09:08:29.571476" elapsed="0.001000"/>
</branch>
<status status="PASS" start="2025-02-22T09:08:29.571476" elapsed="0.001000"/>
</if>
<var name="${i}">0</var>
<status status="PASS" start="2025-02-22T09:08:28.566565" elapsed="1.005911"/>
</iter>
<var>${i}</var>
<value>0</value>
<value>${TIMEOUT_For_Compare}</value>
<status status="PASS" start="2025-02-22T09:08:28.566565" elapsed="1.005911"/>
</for>
<kw name="Log" owner="BuiltIn">
<msg time="2025-02-22T09:08:29.572476" level="INFO">Value of found: True this is after Breaking the Loop.</msg>
<arg>Value of found: ${found} this is after Breaking the Loop.</arg>
<doc>Logs the given message with the given level.</doc>
<status status="PASS" start="2025-02-22T09:08:29.572476" elapsed="0.000000"/>
</kw>
<if>
<branch type="IF" condition="'${found}'== 'True'">
<kw name="Log" owner="BuiltIn">
<msg time="2025-02-22T09:08:29.572476" level="INFO">PASS: Obejct_Vehicle_Speed::XCP_Connection_Success reached expected value 1 within timeout, found Actual value 1</msg>
<arg>PASS: ${var_name} reached expected value ${expected_value} within timeout, found Actual value ${actual_value}</arg>
<doc>Logs the given message with the given level.</doc>
<status status="PASS" start="2025-02-22T09:08:29.572476" elapsed="0.000000"/>
</kw>
<status status="PASS" start="2025-02-22T09:08:29.572476" elapsed="0.000000"/>
</branch>
<branch type="ELSE">
<kw name="Log" owner="BuiltIn">
<arg>FAIL: Timeout reached for ${var_name}. Expected ${expected_value} but found Actual value ${actual_value}</arg>
<doc>Logs the given message with the given level.</doc>
<status status="NOT RUN" start="2025-02-22T09:08:29.572476" elapsed="0.000000"/>
</kw>
<kw name="Should Be True" owner="BuiltIn">
<arg>${found}</arg>
<arg>Ooops there is Failure !!! Check the Log Section for Values....</arg>
<doc>Fails if the given condition is not true.</doc>
<status status="NOT RUN" start="2025-02-22T09:08:29.573476" elapsed="0.000000"/>
</kw>
<status status="NOT RUN" start="2025-02-22T09:08:29.572476" elapsed="0.001000"/>
</branch>
<status status="PASS" start="2025-02-22T09:08:29.572476" elapsed="0.001000"/>
</if>
<arg>${Test_Connect_Xcp_Sts}</arg>
<arg>1</arg>
<arg>${None}</arg>
<arg>2</arg>
<status status="PASS" start="2025-02-22T09:08:28.565560" elapsed="1.007916"/>
</kw>
<kw name="Set System Variable">
<kw name="Set System Variable Val" owner="Py_RobotFramwork_Input_File">
<arg>${var_name}</arg>
<arg>${value}</arg>
<doc>Set a system variable value in CANoe.</doc>
<status status="PASS" start="2025-02-22T09:08:29.573476" elapsed="1.009878"/>
</kw>
<kw name="Log" owner="BuiltIn">
<msg time="2025-02-22T09:08:30.583354" level="INFO">Set system variable Customer_specific::cm_scenario to drv/SOD/CTX/CTA_90_Deg_Road_Side_Parking_Staright_Road.trn</msg>
<arg>Set system variable ${var_name} to ${value}</arg>
<doc>Logs the given message with the given level.</doc>
<status status="PASS" start="2025-02-22T09:08:30.583354" elapsed="0.000000"/>
</kw>
<arg>${Load_CM_Scenario}</arg>
<arg>${TEST_RUN}</arg>
<status status="PASS" start="2025-02-22T09:08:29.573476" elapsed="1.009878"/>
</kw>
<kw name="Sleep" owner="BuiltIn">
<msg time="2025-02-22T09:08:35.583532" level="INFO">Slept 5 seconds.</msg>
<arg>5</arg>
<doc>Pauses the test executed for the given time.</doc>
<status status="PASS" start="2025-02-22T09:08:30.583354" elapsed="5.000178"/>
</kw>
<kw name="Set System Variable">
<kw name="Set System Variable Val" owner="Py_RobotFramwork_Input_File">
<arg>${var_name}</arg>
<arg>${value}</arg>
<doc>Set a system variable value in CANoe.</doc>
<status status="PASS" start="2025-02-22T09:08:35.583532" elapsed="1.023574"/>
</kw>
<kw name="Log" owner="BuiltIn">
<msg time="2025-02-22T09:08:36.607106" level="INFO">Set system variable Customer_specific::load_scenario to 1</msg>
<arg>Set system variable ${var_name} to ${value}</arg>
<doc>Logs the given message with the given level.</doc>
<status status="PASS" start="2025-02-22T09:08:36.607106" elapsed="0.000000"/>
</kw>
<arg>${Load_CM_Scenario_Done}</arg>
<arg>1</arg>
<status status="PASS" start="2025-02-22T09:08:35.583532" elapsed="1.023574"/>
</kw>
<doc>Verifies setting the test scenario and running the measurement.</doc>
<status status="PASS" start="2025-02-22T09:08:16.662751" elapsed="19.944874"/>
</test>
<test id="s1-t6" name="Test To Set EGO and Target Vehicle Speed" line="119">
<kw name="Set System Variable">
<kw name="Set System Variable Val" owner="Py_RobotFramwork_Input_File">
<arg>${var_name}</arg>
<arg>${value}</arg>
<doc>Set a system variable value in CANoe.</doc>
<status status="PASS" start="2025-02-22T09:08:36.608629" elapsed="1.014145"/>
</kw>
<kw name="Log" owner="BuiltIn">
<msg time="2025-02-22T09:08:37.622774" level="INFO">Set system variable hil_drv::target_velocity to 0.0</msg>
<arg>Set system variable ${var_name} to ${value}</arg>
<doc>Logs the given message with the given level.</doc>
<status status="PASS" start="2025-02-22T09:08:37.622774" elapsed="0.000000"/>
</kw>
<arg>${EGO_VEHICLE_SPEED_VAR}</arg>
<arg>0.0</arg>
<status status="PASS" start="2025-02-22T09:08:36.608629" elapsed="1.014145"/>
</kw>
<kw name="Set System Variable">
<kw name="Set System Variable Val" owner="Py_RobotFramwork_Input_File">
<arg>${var_name}</arg>
<arg>${value}</arg>
<doc>Set a system variable value in CANoe.</doc>
<status status="PASS" start="2025-02-22T09:08:37.622774" elapsed="1.010279"/>
</kw>
<kw name="Log" owner="BuiltIn">
<msg time="2025-02-22T09:08:38.633053" level="INFO">Set system variable hil_drv::target_velocity_status to 1</msg>
<arg>Set system variable ${var_name} to ${value}</arg>
<doc>Logs the given message with the given level.</doc>
<status status="PASS" start="2025-02-22T09:08:38.633053" elapsed="0.000000"/>
</kw>
<arg>${EGO_VEHICLE_STATUS_VAR}</arg>
<arg>1</arg>
<status status="PASS" start="2025-02-22T09:08:37.622774" elapsed="1.010279"/>
</kw>
<kw name="Set System Variable">
<kw name="Set System Variable Val" owner="Py_RobotFramwork_Input_File">
<arg>${var_name}</arg>
<arg>${value}</arg>
<doc>Set a system variable value in CANoe.</doc>
<status status="PASS" start="2025-02-22T09:08:38.633053" elapsed="1.012422"/>
</kw>
<kw name="Log" owner="BuiltIn">
<msg time="2025-02-22T09:08:39.645475" level="INFO">Set system variable Obejct_Vehicle_Speed::Target_Veh_0 to 36.0</msg>
<arg>Set system variable ${var_name} to ${value}</arg>
<doc>Logs the given message with the given level.</doc>
<status status="PASS" start="2025-02-22T09:08:39.645475" elapsed="0.000000"/>
</kw>
<arg>${TARGET_VEHICLE_OBJ_0}</arg>
<arg>36.0</arg>
<status status="PASS" start="2025-02-22T09:08:38.633053" elapsed="1.012422"/>
</kw>
<kw name="Set System Variable">
<kw name="Set System Variable Val" owner="Py_RobotFramwork_Input_File">
<arg>${var_name}</arg>
<arg>${value}</arg>
<doc>Set a system variable value in CANoe.</doc>
<status status="PASS" start="2025-02-22T09:08:39.646481" elapsed="1.016832"/>
</kw>
<kw name="Log" owner="BuiltIn">
<msg time="2025-02-22T09:08:40.663313" level="INFO">Set system variable Obejct_Vehicle_Speed::Target_Veh_1 to 36.0</msg>
<arg>Set system variable ${var_name} to ${value}</arg>
<doc>Logs the given message with the given level.</doc>
<status status="PASS" start="2025-02-22T09:08:40.663313" elapsed="0.000000"/>
</kw>
<arg>${TARGET_VEHICLE_OBJ_1}</arg>
<arg>36.0</arg>
<status status="PASS" start="2025-02-22T09:08:39.645475" elapsed="1.017838"/>
</kw>
<kw name="Set System Variable">
<kw name="Set System Variable Val" owner="Py_RobotFramwork_Input_File">
<arg>${var_name}</arg>
<arg>${value}</arg>
<doc>Set a system variable value in CANoe.</doc>
<status status="PASS" start="2025-02-22T09:08:40.663313" elapsed="1.008292"/>
</kw>
<kw name="Log" owner="BuiltIn">
<msg time="2025-02-22T09:08:41.671605" level="INFO">Set system variable Obejct_Vehicle_Speed::Target_Veh_Status_0 to 1</msg>
<arg>Set system variable ${var_name} to ${value}</arg>
<doc>Logs the given message with the given level.</doc>
<status status="PASS" start="2025-02-22T09:08:41.671605" elapsed="0.000000"/>
</kw>
<arg>${TARGET_VEHICLE_OBJ_0_STS}</arg>
<arg>1</arg>
<status status="PASS" start="2025-02-22T09:08:40.663313" elapsed="1.008292"/>
</kw>
<kw name="Set System Variable">
<kw name="Set System Variable Val" owner="Py_RobotFramwork_Input_File">
<arg>${var_name}</arg>
<arg>${value}</arg>
<doc>Set a system variable value in CANoe.</doc>
<status status="PASS" start="2025-02-22T09:08:41.672142" elapsed="1.008117"/>
</kw>
<kw name="Log" owner="BuiltIn">
<msg time="2025-02-22T09:08:42.680259" level="INFO">Set system variable Obejct_Vehicle_Speed::Target_Veh_Status_1 to 1</msg>
<arg>Set system variable ${var_name} to ${value}</arg>
<doc>Logs the given message with the given level.</doc>
<status status="PASS" start="2025-02-22T09:08:42.680259" elapsed="0.000000"/>
</kw>
<arg>${TARGET_VEHICLE_OBJ_1_STS}</arg>
<arg>1</arg>
<status status="PASS" start="2025-02-22T09:08:41.672142" elapsed="1.008117"/>
</kw>
<kw name="Set System Variable">
<kw name="Set System Variable Val" owner="Py_RobotFramwork_Input_File">
<arg>${var_name}</arg>
<arg>${value}</arg>
<doc>Set a system variable value in CANoe.</doc>
<status status="PASS" start="2025-02-22T09:08:42.680259" elapsed="1.004179"/>
</kw>
<kw name="Log" owner="BuiltIn">
<msg time="2025-02-22T09:08:43.684438" level="INFO">Set system variable hil_adas::gear_req to 1</msg>
<arg>Set system variable ${var_name} to ${value}</arg>
<doc>Logs the given message with the given level.</doc>
<status status="PASS" start="2025-02-22T09:08:43.684438" elapsed="0.000000"/>
</kw>
<arg>${Ego_Gear_Req}</arg>
<arg>1</arg>
<status status="PASS" start="2025-02-22T09:08:42.680259" elapsed="1.004179"/>
</kw>
<kw name="Sleep" owner="BuiltIn">
<msg time="2025-02-22T09:08:44.684788" level="INFO">Slept 1 second.</msg>
<arg>1</arg>
<doc>Pauses the test executed for the given time.</doc>
<status status="PASS" start="2025-02-22T09:08:43.684438" elapsed="1.000350"/>
</kw>
<kw name="Set System Variable">
<kw name="Set System Variable Val" owner="Py_RobotFramwork_Input_File">
<arg>${var_name}</arg>
<arg>${value}</arg>
<doc>Set a system variable value in CANoe.</doc>
<status status="PASS" start="2025-02-22T09:08:44.684788" elapsed="1.019789"/>
</kw>
<kw name="Log" owner="BuiltIn">
<msg time="2025-02-22T09:08:45.704577" level="INFO">Set system variable hil_ctrl::scenario_start to 1</msg>
<arg>Set system variable ${var_name} to ${value}</arg>
<doc>Logs the given message with the given level.</doc>
<status status="PASS" start="2025-02-22T09:08:45.704577" elapsed="0.000000"/>
</kw>
<arg>${Carmake_Scenario_Start}</arg>
<arg>1</arg>
<status status="PASS" start="2025-02-22T09:08:44.684788" elapsed="1.021128"/>
</kw>
<kw name="Sleep" owner="BuiltIn">
<msg time="2025-02-22T09:08:48.706266" level="INFO">Slept 3 seconds.</msg>
<arg>3</arg>
<doc>Pauses the test executed for the given time.</doc>
<status status="PASS" start="2025-02-22T09:08:45.705916" elapsed="3.000350"/>
</kw>
<doc>Verifies the Speed of EGO Vehicle and Target Vehicle.</doc>
<status status="PASS" start="2025-02-22T09:08:36.607625" elapsed="12.098641"/>
</test>
<test id="s1-t7" name="Test CTA Feature Activation From Right Hand Side" line="132">
<kw name="Compare System Variable Value">
<kw name="Set Variable" owner="BuiltIn">
<msg time="2025-02-22T09:08:48.707833" level="INFO">${found} = False</msg>
<var>${found}</var>
<arg>False</arg>
<doc>Returns the given values which can then be assigned to a variables.</doc>
<status status="PASS" start="2025-02-22T09:08:48.707833" elapsed="0.000000"/>
</kw>
<for flavor="IN RANGE">
<iter>
<kw name="Sleep" owner="BuiltIn">
<msg time="2025-02-22T09:08:49.709068" level="INFO">Slept 1 second.</msg>
<arg>1</arg>
<doc>Pauses the test executed for the given time.</doc>
<status status="PASS" start="2025-02-22T09:08:48.707833" elapsed="1.001235"/>
</kw>
<kw name="Get System Variable Val" owner="Py_RobotFramwork_Input_File">
<msg time="2025-02-22T09:08:49.714669" level="INFO">${actual_value} = 0.0</msg>
<var>${actual_value}</var>
<arg>${var_name}</arg>
<doc>Get the value of a system variable in CANoe.</doc>
<status status="PASS" start="2025-02-22T09:08:49.709068" elapsed="0.005601"/>
</kw>
<if>
<branch type="IF" condition="'${tolerance}' != '${None}'">
<kw name="Evaluate" owner="BuiltIn">
<msg time="2025-02-22T09:08:49.715669" level="INFO">${diff} = 0.0</msg>
<var>${diff}</var>
<arg>abs(${expected_value} - ${actual_value})</arg>
<doc>Evaluates the given expression in Python and returns the result.</doc>
<status status="PASS" start="2025-02-22T09:08:49.715669" elapsed="0.000000"/>
</kw>
<if>
<branch type="IF" condition="'${diff}' &lt;= '${tolerance}'">
<kw name="Set Variable" owner="BuiltIn">
<msg time="2025-02-22T09:08:49.715669" level="INFO">${found} = True</msg>
<var>${found}</var>
<arg>True</arg>
<doc>Returns the given values which can then be assigned to a variables.</doc>
<status status="PASS" start="2025-02-22T09:08:49.715669" elapsed="0.000000"/>
</kw>
<break>
<status status="PASS" start="2025-02-22T09:08:49.715669" elapsed="0.000000"/>
</break>
<status status="PASS" start="2025-02-22T09:08:49.715669" elapsed="0.000000"/>
</branch>
<status status="PASS" start="2025-02-22T09:08:49.715669" elapsed="0.000000"/>
</if>
<status status="PASS" start="2025-02-22T09:08:49.714669" elapsed="0.001000"/>
</branch>
<branch type="ELSE IF" condition="'${tolerance}' == '${None}'">
<if>
<branch type="IF" condition="'${actual_value}' == '${expected_value}'">
<kw name="Set Variable" owner="BuiltIn">
<var>${found}</var>
<arg>True</arg>
<doc>Returns the given values which can then be assigned to a variables.</doc>
<status status="NOT RUN" start="2025-02-22T09:08:49.715669" elapsed="0.000000"/>
</kw>
<break>
<status status="NOT RUN" start="2025-02-22T09:08:49.715669" elapsed="0.000000"/>
</break>
<status status="NOT RUN" start="2025-02-22T09:08:49.715669" elapsed="0.000000"/>
</branch>
<status status="NOT RUN" start="2025-02-22T09:08:49.715669" elapsed="0.000000"/>
</if>
<status status="NOT RUN" start="2025-02-22T09:08:49.715669" elapsed="0.000000"/>
</branch>
<status status="PASS" start="2025-02-22T09:08:49.714669" elapsed="0.001000"/>
</if>
<var name="${i}">0</var>
<status status="PASS" start="2025-02-22T09:08:48.707833" elapsed="1.008835"/>
</iter>
<var>${i}</var>
<value>0</value>
<value>${TIMEOUT_For_Compare}</value>
<status status="PASS" start="2025-02-22T09:08:48.707833" elapsed="1.008835"/>
</for>
<kw name="Log" owner="BuiltIn">
<msg time="2025-02-22T09:08:49.716668" level="INFO">Value of found: True this is after Breaking the Loop.</msg>
<arg>Value of found: ${found} this is after Breaking the Loop.</arg>
<doc>Logs the given message with the given level.</doc>
<status status="PASS" start="2025-02-22T09:08:49.716668" elapsed="0.000000"/>
</kw>
<if>
<branch type="IF" condition="'${found}'== 'True'">
<kw name="Log" owner="BuiltIn">
<msg time="2025-02-22T09:08:49.716668" level="INFO">PASS: hil_hvm::velocity_x reached expected value 0.0 within timeout, found Actual value 0.0</msg>
<arg>PASS: ${var_name} reached expected value ${expected_value} within timeout, found Actual value ${actual_value}</arg>
<doc>Logs the given message with the given level.</doc>
<status status="PASS" start="2025-02-22T09:08:49.716668" elapsed="0.000000"/>
</kw>
<status status="PASS" start="2025-02-22T09:08:49.716668" elapsed="0.000000"/>
</branch>
<branch type="ELSE">
<kw name="Log" owner="BuiltIn">
<arg>FAIL: Timeout reached for ${var_name}. Expected ${expected_value} but found Actual value ${actual_value}</arg>
<doc>Logs the given message with the given level.</doc>
<status status="NOT RUN" start="2025-02-22T09:08:49.716668" elapsed="0.000000"/>
</kw>
<kw name="Should Be True" owner="BuiltIn">
<arg>${found}</arg>
<arg>Ooops there is Failure !!! Check the Log Section for Values....</arg>
<doc>Fails if the given condition is not true.</doc>
<status status="NOT RUN" start="2025-02-22T09:08:49.716668" elapsed="0.000000"/>
</kw>
<status status="NOT RUN" start="2025-02-22T09:08:49.716668" elapsed="0.000000"/>
</branch>
<status status="PASS" start="2025-02-22T09:08:49.716668" elapsed="0.000000"/>
</if>
<arg>${READ_EGO_VEHICLE_SPEED}</arg>
<arg>0.0</arg>
<arg>0.2</arg>
<arg>${TIMEOUT}</arg>
<status status="PASS" start="2025-02-22T09:08:48.707833" elapsed="1.008835"/>
</kw>
<kw name="Compare System Variable Value">
<kw name="Set Variable" owner="BuiltIn">
<msg time="2025-02-22T09:08:49.718177" level="INFO">${found} = False</msg>
<var>${found}</var>
<arg>False</arg>
<doc>Returns the given values which can then be assigned to a variables.</doc>
<status status="PASS" start="2025-02-22T09:08:49.717669" elapsed="0.000508"/>
</kw>
<for flavor="IN RANGE">
<iter>
<kw name="Sleep" owner="BuiltIn">
<msg time="2025-02-22T09:08:50.718259" level="INFO">Slept 1 second.</msg>
<arg>1</arg>
<doc>Pauses the test executed for the given time.</doc>
<status status="PASS" start="2025-02-22T09:08:49.718177" elapsed="1.000082"/>
</kw>
<kw name="Get System Variable Val" owner="Py_RobotFramwork_Input_File">
<msg time="2025-02-22T09:08:50.744274" level="INFO">${actual_value} = 33.26544251020231</msg>
<var>${actual_value}</var>
<arg>${var_name}</arg>
<doc>Get the value of a system variable in CANoe.</doc>
<status status="PASS" start="2025-02-22T09:08:50.718259" elapsed="0.026015"/>
</kw>
<if>
<branch type="IF" condition="'${tolerance}' != '${None}'">
<kw name="Evaluate" owner="BuiltIn">
<msg time="2025-02-22T09:08:50.744274" level="INFO">${diff} = 2.5345574897976846</msg>
<var>${diff}</var>
<arg>abs(${expected_value} - ${actual_value})</arg>
<doc>Evaluates the given expression in Python and returns the result.</doc>
<status status="PASS" start="2025-02-22T09:08:50.744274" elapsed="0.000000"/>
</kw>
<if>
<branch type="IF" condition="'${diff}' &lt;= '${tolerance}'">
<kw name="Set Variable" owner="BuiltIn">
<var>${found}</var>
<arg>True</arg>
<doc>Returns the given values which can then be assigned to a variables.</doc>
<status status="NOT RUN" start="2025-02-22T09:08:50.745272" elapsed="0.000000"/>
</kw>
<break>
<status status="NOT RUN" start="2025-02-22T09:08:50.745272" elapsed="0.000000"/>
</break>
<status status="NOT RUN" start="2025-02-22T09:08:50.744274" elapsed="0.000998"/>
</branch>
<status status="PASS" start="2025-02-22T09:08:50.744274" elapsed="0.000998"/>
</if>
<status status="PASS" start="2025-02-22T09:08:50.744274" elapsed="0.000998"/>
</branch>
<branch type="ELSE IF" condition="'${tolerance}' == '${None}'">
<if>
<branch type="IF" condition="'${actual_value}' == '${expected_value}'">
<kw name="Set Variable" owner="BuiltIn">
<var>${found}</var>
<arg>True</arg>
<doc>Returns the given values which can then be assigned to a variables.</doc>
<status status="NOT RUN" start="2025-02-22T09:08:50.745272" elapsed="0.000000"/>
</kw>
<break>
<status status="NOT RUN" start="2025-02-22T09:08:50.745272" elapsed="0.000000"/>
</break>
<status status="NOT RUN" start="2025-02-22T09:08:50.745272" elapsed="0.000000"/>
</branch>
<status status="NOT RUN" start="2025-02-22T09:08:50.745272" elapsed="0.000000"/>
</if>
<status status="NOT RUN" start="2025-02-22T09:08:50.745272" elapsed="0.000000"/>
</branch>
<status status="PASS" start="2025-02-22T09:08:50.744274" elapsed="0.000998"/>
</if>
<var name="${i}">0</var>
<status status="PASS" start="2025-02-22T09:08:49.718177" elapsed="1.027095"/>
</iter>
<iter>
<kw name="Sleep" owner="BuiltIn">
<msg time="2025-02-22T09:08:51.745394" level="INFO">Slept 1 second.</msg>
<arg>1</arg>
<doc>Pauses the test executed for the given time.</doc>
<status status="PASS" start="2025-02-22T09:08:50.745272" elapsed="1.000122"/>
</kw>
<kw name="Get System Variable Val" owner="Py_RobotFramwork_Input_File">
<msg time="2025-02-22T09:08:51.772609" level="INFO">${actual_value} = 35.50139295117978</msg>
<var>${actual_value}</var>
<arg>${var_name}</arg>
<doc>Get the value of a system variable in CANoe.</doc>
<status status="PASS" start="2025-02-22T09:08:51.745394" elapsed="0.027215"/>
</kw>
<if>
<branch type="IF" condition="'${tolerance}' != '${None}'">
<kw name="Evaluate" owner="BuiltIn">
<msg time="2025-02-22T09:08:51.772609" level="INFO">${diff} = 0.29860704882021594</msg>
<var>${diff}</var>
<arg>abs(${expected_value} - ${actual_value})</arg>
<doc>Evaluates the given expression in Python and returns the result.</doc>
<status status="PASS" start="2025-02-22T09:08:51.772609" elapsed="0.000000"/>
</kw>
<if>
<branch type="IF" condition="'${diff}' &lt;= '${tolerance}'">
<kw name="Set Variable" owner="BuiltIn">
<msg time="2025-02-22T09:08:51.773610" level="INFO">${found} = True</msg>
<var>${found}</var>
<arg>True</arg>
<doc>Returns the given values which can then be assigned to a variables.</doc>
<status status="PASS" start="2025-02-22T09:08:51.773610" elapsed="0.000000"/>
</kw>
<break>
<status status="PASS" start="2025-02-22T09:08:51.773610" elapsed="0.000000"/>
</break>
<status status="PASS" start="2025-02-22T09:08:51.773610" elapsed="0.000000"/>
</branch>
<status status="PASS" start="2025-02-22T09:08:51.773610" elapsed="0.000000"/>
</if>
<status status="PASS" start="2025-02-22T09:08:51.772609" elapsed="0.001001"/>
</branch>
<branch type="ELSE IF" condition="'${tolerance}' == '${None}'">
<if>
<branch type="IF" condition="'${actual_value}' == '${expected_value}'">
<kw name="Set Variable" owner="BuiltIn">
<var>${found}</var>
<arg>True</arg>
<doc>Returns the given values which can then be assigned to a variables.</doc>
<status status="NOT RUN" start="2025-02-22T09:08:51.773610" elapsed="0.000000"/>
</kw>
<break>
<status status="NOT RUN" start="2025-02-22T09:08:51.773610" elapsed="0.000000"/>
</break>
<status status="NOT RUN" start="2025-02-22T09:08:51.773610" elapsed="0.000000"/>
</branch>
<status status="NOT RUN" start="2025-02-22T09:08:51.773610" elapsed="0.000000"/>
</if>
<status status="NOT RUN" start="2025-02-22T09:08:51.773610" elapsed="0.000000"/>
</branch>
<status status="PASS" start="2025-02-22T09:08:51.772609" elapsed="0.001001"/>
</if>
<var name="${i}">1</var>
<status status="PASS" start="2025-02-22T09:08:50.745272" elapsed="1.028338"/>
</iter>
<var>${i}</var>
<value>0</value>
<value>${TIMEOUT_For_Compare}</value>
<status status="PASS" start="2025-02-22T09:08:49.718177" elapsed="2.055433"/>
</for>
<kw name="Log" owner="BuiltIn">
<msg time="2025-02-22T09:08:51.773610" level="INFO">Value of found: True this is after Breaking the Loop.</msg>
<arg>Value of found: ${found} this is after Breaking the Loop.</arg>
<doc>Logs the given message with the given level.</doc>
<status status="PASS" start="2025-02-22T09:08:51.773610" elapsed="0.000000"/>
</kw>
<if>
<branch type="IF" condition="'${found}'== 'True'">
<kw name="Log" owner="BuiltIn">
<msg time="2025-02-22T09:08:51.774609" level="INFO">PASS: Obejct_Vehicle_Speed::Target_Veh_Speed_Read_0 reached expected value 35.80 within timeout, found Actual value 35.50139295117978</msg>
<arg>PASS: ${var_name} reached expected value ${expected_value} within timeout, found Actual value ${actual_value}</arg>
<doc>Logs the given message with the given level.</doc>
<status status="PASS" start="2025-02-22T09:08:51.774609" elapsed="0.000000"/>
</kw>
<status status="PASS" start="2025-02-22T09:08:51.773610" elapsed="0.000999"/>
</branch>
<branch type="ELSE">
<kw name="Log" owner="BuiltIn">
<arg>FAIL: Timeout reached for ${var_name}. Expected ${expected_value} but found Actual value ${actual_value}</arg>
<doc>Logs the given message with the given level.</doc>
<status status="NOT RUN" start="2025-02-22T09:08:51.774609" elapsed="0.000000"/>
</kw>
<kw name="Should Be True" owner="BuiltIn">
<arg>${found}</arg>
<arg>Ooops there is Failure !!! Check the Log Section for Values....</arg>
<doc>Fails if the given condition is not true.</doc>
<status status="NOT RUN" start="2025-02-22T09:08:51.774609" elapsed="0.000000"/>
</kw>
<status status="NOT RUN" start="2025-02-22T09:08:51.774609" elapsed="0.000000"/>
</branch>
<status status="PASS" start="2025-02-22T09:08:51.773610" elapsed="0.000999"/>
</if>
<arg>${READ_TARGET_VEHICLE_OBJ_0}</arg>
<arg>35.80</arg>
<arg>0.30</arg>
<arg>12</arg>
<status status="PASS" start="2025-02-22T09:08:49.717669" elapsed="2.056940"/>
</kw>
<kw name="Compare System Variable Two Values in AND Condition">
<kw name="Set Variable" owner="BuiltIn">
<msg time="2025-02-22T09:08:51.775610" level="INFO">${found} = False</msg>
<var>${found}</var>
<arg>False</arg>
<doc>Returns the given values which can then be assigned to a variables.</doc>
<status status="PASS" start="2025-02-22T09:08:51.775610" elapsed="0.000000"/>
</kw>
<for flavor="IN RANGE">
<iter>
<kw name="Sleep" owner="BuiltIn">
<msg time="2025-02-22T09:08:52.776108" level="INFO">Slept 1 second.</msg>
<arg>1</arg>
<doc>Pauses the test executed for the given time.</doc>
<status status="PASS" start="2025-02-22T09:08:51.775610" elapsed="1.000498"/>
</kw>
<kw name="Get System Variable Val" owner="Py_RobotFramwork_Input_File">
<msg time="2025-02-22T09:08:52.794334" level="INFO">${actual_value_1} = 2.243798017501831</msg>
<var>${actual_value_1}</var>
<arg>${var_name_1}</arg>
<doc>Get the value of a system variable in CANoe.</doc>
<status status="PASS" start="2025-02-22T09:08:52.776108" elapsed="0.018226"/>
</kw>
<kw name="Get System Variable Val" owner="Py_RobotFramwork_Input_File">
<msg time="2025-02-22T09:08:52.797778" level="INFO">${actual_value_2} = 2.243798017501831</msg>
<var>${actual_value_2}</var>
<arg>${Var_Name_2}</arg>
[...]
<var>${actual_value}</var>
<arg>${var_name}</arg>
<doc>Get the value of a system variable in CANoe.</doc>
<status status="PASS" start="2025-02-22T09:09:11.435428" elapsed="0.026553"/>
</kw>
<if>
<branch type="IF" condition="'${tolerance}' != '${None}'">
<kw name="Evaluate" owner="BuiltIn">
<var>${diff}</var>
<arg>abs(${expected_value} - ${actual_value})</arg>
<doc>Evaluates the given expression in Python and returns the result.</doc>
<status status="NOT RUN" start="2025-02-22T09:09:11.462987" elapsed="0.000000"/>
</kw>
<if>
<branch type="IF" condition="'${diff}' &lt;= '${tolerance}'">
<kw name="Set Variable" owner="BuiltIn">
<var>${found}</var>
<arg>True</arg>
<doc>Returns the given values which can then be assigned to a variables.</doc>
<status status="NOT RUN" start="2025-02-22T09:09:11.462987" elapsed="0.000000"/>
</kw>
<break>
<status status="NOT RUN" start="2025-02-22T09:09:11.462987" elapsed="0.000000"/>
</break>
<status status="NOT RUN" start="2025-02-22T09:09:11.462987" elapsed="0.000000"/>
</branch>
<status status="NOT RUN" start="2025-02-22T09:09:11.462987" elapsed="0.000000"/>
</if>
<status status="NOT RUN" start="2025-02-22T09:09:11.461981" elapsed="0.001006"/>
</branch>
<branch type="ELSE IF" condition="'${tolerance}' == '${None}'">
<if>
<branch type="IF" condition="'${actual_value}' == '${expected_value}'">
<kw name="Set Variable" owner="BuiltIn">
<var>${found}</var>
<arg>True</arg>
<doc>Returns the given values which can then be assigned to a variables.</doc>
<status status="NOT RUN" start="2025-02-22T09:09:11.462987" elapsed="0.000000"/>
</kw>
<break>
<status status="NOT RUN" start="2025-02-22T09:09:11.462987" elapsed="0.000000"/>
</break>
<status status="NOT RUN" start="2025-02-22T09:09:11.462987" elapsed="0.000000"/>
</branch>
<status status="PASS" start="2025-02-22T09:09:11.462987" elapsed="0.000000"/>
</if>
<status status="PASS" start="2025-02-22T09:09:11.462987" elapsed="0.000000"/>
</branch>
<status status="PASS" start="2025-02-22T09:09:11.461981" elapsed="0.001006"/>
</if>
<var name="${i}">14</var>
<status status="PASS" start="2025-02-22T09:09:10.435322" elapsed="1.027665"/>
</iter>
<iter>
<kw name="Sleep" owner="BuiltIn">
<msg time="2025-02-22T09:09:12.464097" level="INFO">Slept 1 second.</msg>
<arg>1</arg>
<doc>Pauses the test executed for the given time.</doc>
<status status="PASS" start="2025-02-22T09:09:11.463987" elapsed="1.000110"/>
</kw>
<kw name="Get System Variable Val" owner="Py_RobotFramwork_Input_File">
<msg time="2025-02-22T09:09:12.473950" level="INFO">${actual_value} = 8</msg>
<var>${actual_value}</var>
<arg>${var_name}</arg>
<doc>Get the value of a system variable in CANoe.</doc>
<status status="PASS" start="2025-02-22T09:09:12.464097" elapsed="0.009853"/>
</kw>
<if>
<branch type="IF" condition="'${tolerance}' != '${None}'">
<kw name="Evaluate" owner="BuiltIn">
<var>${diff}</var>
<arg>abs(${expected_value} - ${actual_value})</arg>
<doc>Evaluates the given expression in Python and returns the result.</doc>
<status status="NOT RUN" start="2025-02-22T09:09:12.473950" elapsed="0.000000"/>
</kw>
<if>
<branch type="IF" condition="'${diff}' &lt;= '${tolerance}'">
<kw name="Set Variable" owner="BuiltIn">
<var>${found}</var>
<arg>True</arg>
<doc>Returns the given values which can then be assigned to a variables.</doc>
<status status="NOT RUN" start="2025-02-22T09:09:12.474980" elapsed="0.000000"/>
</kw>
<break>
<status status="NOT RUN" start="2025-02-22T09:09:12.474980" elapsed="0.000000"/>
</break>
<status status="NOT RUN" start="2025-02-22T09:09:12.474980" elapsed="0.000000"/>
</branch>
<status status="NOT RUN" start="2025-02-22T09:09:12.473950" elapsed="0.001030"/>
</if>
<status status="NOT RUN" start="2025-02-22T09:09:12.473950" elapsed="0.001030"/>
</branch>
<branch type="ELSE IF" condition="'${tolerance}' == '${None}'">
<if>
<branch type="IF" condition="'${actual_value}' == '${expected_value}'">
<kw name="Set Variable" owner="BuiltIn">
<var>${found}</var>
<arg>True</arg>
<doc>Returns the given values which can then be assigned to a variables.</doc>
<status status="NOT RUN" start="2025-02-22T09:09:12.474980" elapsed="0.000000"/>
</kw>
<break>
<status status="NOT RUN" start="2025-02-22T09:09:12.474980" elapsed="0.000000"/>
</break>
<status status="NOT RUN" start="2025-02-22T09:09:12.474980" elapsed="0.000000"/>
</branch>
<status status="PASS" start="2025-02-22T09:09:12.474980" elapsed="0.000000"/>
</if>
<status status="PASS" start="2025-02-22T09:09:12.474980" elapsed="0.000000"/>
</branch>
<status status="PASS" start="2025-02-22T09:09:12.473950" elapsed="0.001030"/>
</if>
<var name="${i}">15</var>
<status status="PASS" start="2025-02-22T09:09:11.462987" elapsed="1.011993"/>
</iter>
<iter>
<kw name="Sleep" owner="BuiltIn">
<msg time="2025-02-22T09:09:13.476526" level="INFO">Slept 1 second.</msg>
<arg>1</arg>
<doc>Pauses the test executed for the given time.</doc>
<status status="PASS" start="2025-02-22T09:09:12.475980" elapsed="1.000546"/>
</kw>
<kw name="Get System Variable Val" owner="Py_RobotFramwork_Input_File">
<msg time="2025-02-22T09:09:13.493564" level="INFO">${actual_value} = 8</msg>
<var>${actual_value}</var>
<arg>${var_name}</arg>
<doc>Get the value of a system variable in CANoe.</doc>
<status status="PASS" start="2025-02-22T09:09:13.476526" elapsed="0.017038"/>
</kw>
<if>
<branch type="IF" condition="'${tolerance}' != '${None}'">
<kw name="Evaluate" owner="BuiltIn">
<var>${diff}</var>
<arg>abs(${expected_value} - ${actual_value})</arg>
<doc>Evaluates the given expression in Python and returns the result.</doc>
<status status="NOT RUN" start="2025-02-22T09:09:13.493564" elapsed="0.000000"/>
</kw>
<if>
<branch type="IF" condition="'${diff}' &lt;= '${tolerance}'">
<kw name="Set Variable" owner="BuiltIn">
<var>${found}</var>
<arg>True</arg>
<doc>Returns the given values which can then be assigned to a variables.</doc>
<status status="NOT RUN" start="2025-02-22T09:09:13.494563" elapsed="0.000000"/>
</kw>
<break>
<status status="NOT RUN" start="2025-02-22T09:09:13.494563" elapsed="0.000000"/>
</break>
<status status="NOT RUN" start="2025-02-22T09:09:13.494563" elapsed="0.000000"/>
</branch>
<status status="NOT RUN" start="2025-02-22T09:09:13.494563" elapsed="0.000000"/>
</if>
<status status="NOT RUN" start="2025-02-22T09:09:13.493564" elapsed="0.000999"/>
</branch>
<branch type="ELSE IF" condition="'${tolerance}' == '${None}'">
<if>
<branch type="IF" condition="'${actual_value}' == '${expected_value}'">
<kw name="Set Variable" owner="BuiltIn">
<var>${found}</var>
<arg>True</arg>
<doc>Returns the given values which can then be assigned to a variables.</doc>
<status status="NOT RUN" start="2025-02-22T09:09:13.494563" elapsed="0.000000"/>
</kw>
<break>
<status status="NOT RUN" start="2025-02-22T09:09:13.494563" elapsed="0.000000"/>
</break>
<status status="NOT RUN" start="2025-02-22T09:09:13.494563" elapsed="0.000000"/>
</branch>
<status status="PASS" start="2025-02-22T09:09:13.494563" elapsed="0.000000"/>
</if>
<status status="PASS" start="2025-02-22T09:09:13.494563" elapsed="0.000000"/>
</branch>
<status status="PASS" start="2025-02-22T09:09:13.493564" elapsed="0.000999"/>
</if>
<var name="${i}">16</var>
<status status="PASS" start="2025-02-22T09:09:12.474980" elapsed="1.019583"/>
</iter>
<iter>
<kw name="Sleep" owner="BuiltIn">
<msg time="2025-02-22T09:09:14.495069" level="INFO">Slept 1 second.</msg>
<arg>1</arg>
<doc>Pauses the test executed for the given time.</doc>
<status status="PASS" start="2025-02-22T09:09:13.494563" elapsed="1.000506"/>
</kw>
<kw name="Get System Variable Val" owner="Py_RobotFramwork_Input_File">
<msg time="2025-02-22T09:09:14.499075" level="INFO">${actual_value} = 2</msg>
<var>${actual_value}</var>
<arg>${var_name}</arg>
<doc>Get the value of a system variable in CANoe.</doc>
<status status="PASS" start="2025-02-22T09:09:14.495069" elapsed="0.004006"/>
</kw>
<if>
<branch type="IF" condition="'${tolerance}' != '${None}'">
<kw name="Evaluate" owner="BuiltIn">
<var>${diff}</var>
<arg>abs(${expected_value} - ${actual_value})</arg>
<doc>Evaluates the given expression in Python and returns the result.</doc>
<status status="NOT RUN" start="2025-02-22T09:09:14.500101" elapsed="0.000000"/>
</kw>
<if>
<branch type="IF" condition="'${diff}' &lt;= '${tolerance}'">
<kw name="Set Variable" owner="BuiltIn">
<var>${found}</var>
<arg>True</arg>
<doc>Returns the given values which can then be assigned to a variables.</doc>
<status status="NOT RUN" start="2025-02-22T09:09:14.500101" elapsed="0.000000"/>
</kw>
<break>
<status status="NOT RUN" start="2025-02-22T09:09:14.500101" elapsed="0.000000"/>
</break>
<status status="NOT RUN" start="2025-02-22T09:09:14.500101" elapsed="0.000000"/>
</branch>
<status status="NOT RUN" start="2025-02-22T09:09:14.500101" elapsed="0.000000"/>
</if>
<status status="NOT RUN" start="2025-02-22T09:09:14.499075" elapsed="0.001026"/>
</branch>
<branch type="ELSE IF" condition="'${tolerance}' == '${None}'">
<if>
<branch type="IF" condition="'${actual_value}' == '${expected_value}'">
<kw name="Set Variable" owner="BuiltIn">
<msg time="2025-02-22T09:09:14.501103" level="INFO">${found} = True</msg>
<var>${found}</var>
<arg>True</arg>
<doc>Returns the given values which can then be assigned to a variables.</doc>
<status status="PASS" start="2025-02-22T09:09:14.501103" elapsed="0.000000"/>
</kw>
<break>
<status status="PASS" start="2025-02-22T09:09:14.501103" elapsed="0.000000"/>
</break>
<status status="PASS" start="2025-02-22T09:09:14.501103" elapsed="0.000000"/>
</branch>
<status status="PASS" start="2025-02-22T09:09:14.501103" elapsed="0.000000"/>
</if>
<status status="PASS" start="2025-02-22T09:09:14.500101" elapsed="0.001002"/>
</branch>
<status status="PASS" start="2025-02-22T09:09:14.499075" elapsed="0.002028"/>
</if>
<var name="${i}">17</var>
<status status="PASS" start="2025-02-22T09:09:13.494563" elapsed="1.006540"/>
</iter>
<var>${i}</var>
<value>0</value>
<value>${TIMEOUT_For_Compare}</value>
<status status="PASS" start="2025-02-22T09:08:56.199659" elapsed="18.301444"/>
</for>
<kw name="Log" owner="BuiltIn">
<msg time="2025-02-22T09:09:14.502102" level="INFO">Value of found: True this is after Breaking the Loop.</msg>
<arg>Value of found: ${found} this is after Breaking the Loop.</arg>
<doc>Logs the given message with the given level.</doc>
<status status="PASS" start="2025-02-22T09:09:14.502102" elapsed="0.000000"/>
</kw>
<if>
<branch type="IF" condition="'${found}'== 'True'">
<kw name="Log" owner="BuiltIn">
<msg time="2025-02-22T09:09:14.502102" level="INFO">PASS: CarMaker::SC::State reached expected value 2 within timeout, found Actual value 2</msg>
<arg>PASS: ${var_name} reached expected value ${expected_value} within timeout, found Actual value ${actual_value}</arg>
<doc>Logs the given message with the given level.</doc>
<status status="PASS" start="2025-02-22T09:09:14.502102" elapsed="0.000000"/>
</kw>
<status status="PASS" start="2025-02-22T09:09:14.502102" elapsed="0.000000"/>
</branch>
<branch type="ELSE">
<kw name="Log" owner="BuiltIn">
<arg>FAIL: Timeout reached for ${var_name}. Expected ${expected_value} but found Actual value ${actual_value}</arg>
<doc>Logs the given message with the given level.</doc>
<status status="NOT RUN" start="2025-02-22T09:09:14.503102" elapsed="0.000000"/>
</kw>
<kw name="Should Be True" owner="BuiltIn">
<arg>${found}</arg>
<arg>Ooops there is Failure !!! Check the Log Section for Values....</arg>
<doc>Fails if the given condition is not true.</doc>
<status status="NOT RUN" start="2025-02-22T09:09:14.503102" elapsed="0.000000"/>
</kw>
<status status="NOT RUN" start="2025-02-22T09:09:14.502102" elapsed="0.001000"/>
</branch>
<status status="PASS" start="2025-02-22T09:09:14.502102" elapsed="0.001000"/>
</if>
<arg>${Carmaker_Running_State}</arg>
<arg>2</arg>
<arg>${None}</arg>
<arg>60</arg>
<status status="PASS" start="2025-02-22T09:08:56.199659" elapsed="18.303443"/>
</kw>
<kw name="Set System Variable">
<kw name="Set System Variable Val" owner="Py_RobotFramwork_Input_File">
<arg>${var_name}</arg>
<arg>${value}</arg>
<doc>Set a system variable value in CANoe.</doc>
<status status="PASS" start="2025-02-22T09:09:14.503102" elapsed="1.009985"/>
</kw>
<kw name="Log" owner="BuiltIn">
<msg time="2025-02-22T09:09:15.513087" level="INFO">Set system variable Customer_specific::cm_stopsim to 1</msg>
<arg>Set system variable ${var_name} to ${value}</arg>
<doc>Logs the given message with the given level.</doc>
<status status="PASS" start="2025-02-22T09:09:15.513087" elapsed="0.000000"/>
</kw>
<arg>${Stop_CM_Button}</arg>
<arg>1</arg>
<status status="PASS" start="2025-02-22T09:09:14.503102" elapsed="1.009985"/>
</kw>
<kw name="Sleep" owner="BuiltIn">
<msg time="2025-02-22T09:09:18.513689" level="INFO">Slept 3 seconds.</msg>
<arg>3</arg>
<doc>Pauses the test executed for the given time.</doc>
<status status="PASS" start="2025-02-22T09:09:15.513592" elapsed="3.000097"/>
</kw>
<kw name="XCP Disconnect">
<kw name="Call Xcp Connection" owner="Py_RobotFramwork_Input_File">
<arg>${capl_test_module}</arg>
<doc>This Function is for Calling CAPL Test Module and Execute them</doc>
<status status="PASS" start="2025-02-22T09:09:18.513689" elapsed="11.962012"/>
</kw>
<kw name="Log" owner="BuiltIn">
<msg time="2025-02-22T09:09:30.475701" level="INFO">XCP Disconnection Called Sucessfully</msg>
<arg>XCP Disconnection Called Sucessfully</arg>
<doc>Logs the given message with the given level.</doc>
<status status="PASS" start="2025-02-22T09:09:30.475701" elapsed="0.000000"/>
</kw>
<arg>${Test_Disonnect_Xcp}</arg>
<status status="PASS" start="2025-02-22T09:09:18.513689" elapsed="11.962012"/>
</kw>
<kw name="Compare System Variable Value">
<kw name="Set Variable" owner="BuiltIn">
<msg time="2025-02-22T09:09:30.476705" level="INFO">${found} = False</msg>
<var>${found}</var>
<arg>False</arg>
<doc>Returns the given values which can then be assigned to a variables.</doc>
<status status="PASS" start="2025-02-22T09:09:30.476705" elapsed="0.000000"/>
</kw>
<for flavor="IN RANGE">
<iter>
<kw name="Sleep" owner="BuiltIn">
<msg time="2025-02-22T09:09:31.477081" level="INFO">Slept 1 second.</msg>
<arg>1</arg>
<doc>Pauses the test executed for the given time.</doc>
<status status="PASS" start="2025-02-22T09:09:30.476705" elapsed="1.000376"/>
</kw>
<kw name="Get System Variable Val" owner="Py_RobotFramwork_Input_File">
<msg time="2025-02-22T09:09:31.484387" level="INFO">${actual_value} = 1</msg>
<var>${actual_value}</var>
<arg>${var_name}</arg>
<doc>Get the value of a system variable in CANoe.</doc>
<status status="PASS" start="2025-02-22T09:09:31.477081" elapsed="0.007306"/>
</kw>
<if>
<branch type="IF" condition="'${tolerance}' != '${None}'">
<kw name="Evaluate" owner="BuiltIn">
<var>${diff}</var>
<arg>abs(${expected_value} - ${actual_value})</arg>
<doc>Evaluates the given expression in Python and returns the result.</doc>
<status status="NOT RUN" start="2025-02-22T09:09:31.484387" elapsed="0.000000"/>
</kw>
<if>
<branch type="IF" condition="'${diff}' &lt;= '${tolerance}'">
<kw name="Set Variable" owner="BuiltIn">
<var>${found}</var>
<arg>True</arg>
<doc>Returns the given values which can then be assigned to a variables.</doc>
<status status="NOT RUN" start="2025-02-22T09:09:31.485387" elapsed="0.000000"/>
</kw>
<break>
<status status="NOT RUN" start="2025-02-22T09:09:31.485387" elapsed="0.000000"/>
</break>
<status status="NOT RUN" start="2025-02-22T09:09:31.485387" elapsed="0.000000"/>
</branch>
<status status="NOT RUN" start="2025-02-22T09:09:31.485387" elapsed="0.000000"/>
</if>
<status status="NOT RUN" start="2025-02-22T09:09:31.484387" elapsed="0.001000"/>
</branch>
<branch type="ELSE IF" condition="'${tolerance}' == '${None}'">
<if>
<branch type="IF" condition="'${actual_value}' == '${expected_value}'">
<kw name="Set Variable" owner="BuiltIn">
<msg time="2025-02-22T09:09:31.485387" level="INFO">${found} = True</msg>
<var>${found}</var>
<arg>True</arg>
<doc>Returns the given values which can then be assigned to a variables.</doc>
<status status="PASS" start="2025-02-22T09:09:31.485387" elapsed="0.000000"/>
</kw>
<break>
<status status="PASS" start="2025-02-22T09:09:31.485387" elapsed="0.000000"/>
</break>
<status status="PASS" start="2025-02-22T09:09:31.485387" elapsed="0.000000"/>
</branch>
<status status="PASS" start="2025-02-22T09:09:31.485387" elapsed="0.000000"/>
</if>
<status status="PASS" start="2025-02-22T09:09:31.485387" elapsed="0.000000"/>
</branch>
<status status="PASS" start="2025-02-22T09:09:31.484387" elapsed="0.001000"/>
</if>
<var name="${i}">0</var>
<status status="PASS" start="2025-02-22T09:09:30.476705" elapsed="1.008682"/>
</iter>
<var>${i}</var>
<value>0</value>
<value>${TIMEOUT_For_Compare}</value>
<status status="PASS" start="2025-02-22T09:09:30.476705" elapsed="1.008682"/>
</for>
<kw name="Log" owner="BuiltIn">
<msg time="2025-02-22T09:09:31.485387" level="INFO">Value of found: True this is after Breaking the Loop.</msg>
<arg>Value of found: ${found} this is after Breaking the Loop.</arg>
<doc>Logs the given message with the given level.</doc>
<status status="PASS" start="2025-02-22T09:09:31.485387" elapsed="0.001000"/>
</kw>
<if>
<branch type="IF" condition="'${found}'== 'True'">
<kw name="Log" owner="BuiltIn">
<msg time="2025-02-22T09:09:31.486387" level="INFO">PASS: Obejct_Vehicle_Speed::XCP_Connection_Failed reached expected value 1 within timeout, found Actual value 1</msg>
<arg>PASS: ${var_name} reached expected value ${expected_value} within timeout, found Actual value ${actual_value}</arg>
<doc>Logs the given message with the given level.</doc>
<status status="PASS" start="2025-02-22T09:09:31.486387" elapsed="0.000000"/>
</kw>
<status status="PASS" start="2025-02-22T09:09:31.486387" elapsed="0.000000"/>
</branch>
<branch type="ELSE">
<kw name="Log" owner="BuiltIn">
<arg>FAIL: Timeout reached for ${var_name}. Expected ${expected_value} but found Actual value ${actual_value}</arg>
<doc>Logs the given message with the given level.</doc>
<status status="NOT RUN" start="2025-02-22T09:09:31.486387" elapsed="0.000000"/>
</kw>
<kw name="Should Be True" owner="BuiltIn">
<arg>${found}</arg>
<arg>Ooops there is Failure !!! Check the Log Section for Values....</arg>
<doc>Fails if the given condition is not true.</doc>
<status status="NOT RUN" start="2025-02-22T09:09:31.486387" elapsed="0.000000"/>
</kw>
<status status="NOT RUN" start="2025-02-22T09:09:31.486387" elapsed="0.000000"/>
</branch>
<status status="PASS" start="2025-02-22T09:09:31.486387" elapsed="0.000000"/>
</if>
<arg>${Test_Disonnect_Xcp_Sts}</arg>
<arg>1</arg>
<arg>${None}</arg>
<arg>${TIMEOUT}</arg>
<status status="PASS" start="2025-02-22T09:09:30.475701" elapsed="1.010686"/>
</kw>
<kw name="Sleep" owner="BuiltIn">
<msg time="2025-02-22T09:09:34.486572" level="INFO">Slept 3 seconds.</msg>
<arg>3</arg>
<doc>Pauses the test executed for the given time.</doc>
<status status="PASS" start="2025-02-22T09:09:31.486387" elapsed="3.000185"/>
</kw>
<doc>Verifies the Speed of EGO Vehicle and Target Vehicle.</doc>
<status status="PASS" start="2025-02-22T09:08:56.198659" elapsed="38.287913"/>
</test>
<status status="PASS" start="2025-02-22T09:03:56.030426" elapsed="338.456146"/>
</suite>
<statistics>
<total>
<stat pass="8" fail="0" skip="0">All Tests</stat>
</total>
<tag>
<stat pass="1" fail="0" skip="0">TC-2818879</stat>
</tag>
<suite>
<stat name="RobotFramework POC Test 1" id="s1" pass="8" fail="0" skip="0">RobotFramework POC Test 1</stat>
</suite>
</statistics>
<errors>
<msg time="2025-02-22T09:03:56.021426" level="WARN">Error in file 'D:\Users\rzp2kor\python_prj\RobotFramework_POC_Test_1.robot' on line 270: The '[Return]' setting is deprecated. Use the 'RETURN' statement instead.</msg>
<msg time="2025-02-22T09:03:56.021426" level="WARN">Error in file 'D:\Users\rzp2kor\python_prj\RobotFramework_POC_Test_1.robot' on line 276: The '[Return]' setting is deprecated. Use the 'RETURN' statement instead.</msg>
</errors>
</robot>
